<?xml version="1.0" encoding="UTF-8"?>
<testsuite xmlns:xsi="http://www.w3.org/2001/XMLSchema-instance" xsi:noNamespaceSchemaLocation="https://maven.apache.org/surefire/maven-surefire-plugin/xsd/surefire-test-report-3.0.xsd" version="3.0" name="com.assignment.InternshipProject.InternshipProjectApplicationTests" time="6.104" tests="1" errors="0" skipped="0" failures="0">
  <properties>
[...]
</properties>
  <testcase name="contextLoads" classname="com.assignment.InternshipProject.InternshipProjectApplicationTests" time="1.543">
    <system-out><![CDATA[17:16:59.601 [main] INFO org.springframework.test.context.support.AnnotationConfigContextLoaderUtils -- Could not detect default configuration classes for test class [com.assignment.InternshipProject.InternshipProjectApplicationTests]: InternshipProjectApplicationTests does not declare any static, non-private, non-final, nested classes annotated with @Configuration.
17:16:59.773 [main] INFO org.springframework.boot.test.context.SpringBootTestContextBootstrapper -- Found @SpringBootConfiguration com.assignment.InternshipProject.InternshipProjectApplication for test class com.assignment.InternshipProject.InternshipProjectApplicationTests
17:16:59,422 |-INFO in ch.qos.logback.classic.LoggerContext[default] - This is logback-classic version 1.5.6
17:16:59,427 |-INFO in ch.qos.logback.classic.util.ContextInitializer@29182679 - Here is a list of configurators discovered as a service, by rank: 
17:16:59,428 |-INFO in ch.qos.logback.classic.util.ContextInitializer@29182679 -   org.springframework.boot.logging.logback.RootLogLevelConfigurator
17:16:59,428 |-INFO in ch.qos.logback.classic.util.ContextInitializer@29182679 - They will be invoked in order until ExecutionStatus.DO_NOT_INVOKE_NEXT_IF_ANY is returned.
17:16:59,428 |-INFO in ch.qos.logback.classic.util.ContextInitializer@29182679 - Constructed configurator of type class org.springframework.boot.logging.logback.RootLogLevelConfigurator
17:16:59,444 |-INFO in ch.qos.logback.classic.util.ContextInitializer@29182679 - org.springframework.boot.logging.logback.RootLogLevelConfigurator.configure() call lasted 0 milliseconds. ExecutionStatus=INVOKE_NEXT_IF_ANY
17:16:59,444 |-INFO in ch.qos.logback.classic.util.ContextInitializer@29182679 - Trying to configure with ch.qos.logback.classic.joran.SerializedModelConfigurator
17:16:59,445 |-INFO in ch.qos.logback.classic.util.ContextInitializer@29182679 - Constructed configurator of type class ch.qos.logback.classic.joran.SerializedModelConfigurator
17:16:59,449 |-INFO in ch.qos.logback.classic.LoggerContext[default] - Could NOT find resource [logback-test.scmo]
17:16:59,450 |-INFO in ch.qos.logback.classic.LoggerContext[default] - Could NOT find resource [logback.scmo]
17:16:59,450 |-INFO in ch.qos.logback.classic.util.ContextInitializer@29182679 - ch.qos.logback.classic.joran.SerializedModelConfigurator.configure() call lasted 5 milliseconds. ExecutionStatus=INVOKE_NEXT_IF_ANY
17:16:59,450 |-INFO in ch.qos.logback.classic.util.ContextInitializer@29182679 - Trying to configure with ch.qos.logback.classic.util.DefaultJoranConfigurator
17:16:59,451 |-INFO in ch.qos.logback.classic.util.ContextInitializer@29182679 - Constructed configurator of type class ch.qos.logback.classic.util.DefaultJoranConfigurator
17:16:59,452 |-INFO in ch.qos.logback.classic.LoggerContext[default] - Could NOT find resource [logback-test.xml]
17:16:59,452 |-INFO in ch.qos.logback.classic.LoggerContext[default] - Could NOT find resource [logback.xml]
17:16:59,453 |-INFO in ch.qos.logback.classic.util.ContextInitializer@29182679 - ch.qos.logback.classic.util.DefaultJoranConfigurator.configure() call lasted 1 milliseconds. ExecutionStatus=INVOKE_NEXT_IF_ANY
17:16:59,453 |-INFO in ch.qos.logback.classic.util.ContextInitializer@29182679 - Trying to configure with ch.qos.logback.classic.BasicConfigurator
17:16:59,454 |-INFO in ch.qos.logback.classic.util.ContextInitializer@29182679 - Constructed configurator of type class ch.qos.logback.classic.BasicConfigurator
17:16:59,454 |-INFO in ch.qos.logback.classic.BasicConfigurator@57bd802b - Setting up default configuration.
17:16:59,471 |-INFO in ch.qos.logback.classic.util.ContextInitializer@29182679 - ch.qos.logback.classic.BasicConfigurator.configure() call lasted 17 milliseconds. ExecutionStatus=NEUTRAL
17:17:00,489 |-INFO in ch.qos.logback.core.model.processor.AppenderModelHandler - Processing appender named [FILE]
17:17:00,489 |-INFO in ch.qos.logback.core.model.processor.AppenderModelHandler - About to instantiate appender of type [ch.qos.logback.core.rolling.RollingFileAppender]
17:17:00,499 |-WARN in ch.qos.logback.core.model.processor.ImplicitModelHandler - Ignoring unknown property [maxFileSize] in [ch.qos.logback.core.rolling.TimeBasedRollingPolicy]
17:17:00,501 |-INFO in c.q.l.core.rolling.TimeBasedRollingPolicy@1555793073 - setting totalSizeCap to 20 KB
17:17:00,510 |-INFO in c.q.l.core.rolling.TimeBasedRollingPolicy@1555793073 - No compression will be used
17:17:00,511 |-INFO in c.q.l.core.rolling.TimeBasedRollingPolicy@1555793073 - Will use the pattern logs/archived/app.%d{yyyy-MM-dd}.log for the active file
17:17:00,513 |-INFO in c.q.l.core.rolling.DefaultTimeBasedFileNamingAndTriggeringPolicy - The date pattern is 'yyyy-MM-dd' from file name pattern 'logs/archived/app.%d{yyyy-MM-dd}.log'.
17:17:00,513 |-INFO in c.q.l.core.rolling.DefaultTimeBasedFileNamingAndTriggeringPolicy - Roll-over at midnight.
17:17:00,514 |-INFO in c.q.l.core.rolling.DefaultTimeBasedFileNamingAndTriggeringPolicy - Setting initial period to 2024-07-24T10:14:31.614Z
17:17:00,515 |-INFO in ch.qos.logback.core.model.processor.ImplicitModelHandler - Assuming default type [ch.qos.logback.classic.encoder.PatternLayoutEncoder] for [encoder] property
17:17:00,534 |-INFO in ch.qos.logback.core.rolling.RollingFileAppender[FILE] - Active log file name: logs/app.log
17:17:00,534 |-INFO in ch.qos.logback.core.rolling.RollingFileAppender[FILE] - File property is set to [logs/app.log]
17:17:00,535 |-INFO in ch.qos.logback.core.model.processor.AppenderModelHandler - Processing appender named [CONSOLE]
17:17:00,535 |-INFO in ch.qos.logback.core.model.processor.AppenderModelHandler - About to instantiate appender of type [ch.qos.logback.core.ConsoleAppender]
17:17:00,536 |-WARN in ch.qos.logback.core.ConsoleAppender[CONSOLE] - This appender no longer admits a layout as a sub-component, set an encoder instead.
17:17:00,536 |-WARN in ch.qos.logback.core.ConsoleAppender[CONSOLE] - To ensure compatibility, wrapping your layout in LayoutWrappingEncoder.
17:17:00,536 |-WARN in ch.qos.logback.core.ConsoleAppender[CONSOLE] - See also http://logback.qos.ch/codes.html#layoutInsteadOfEncoder for details
17:17:00,536 |-INFO in ch.qos.logback.core.model.processor.AppenderModelHandler - Processing appender named [ASYNC_CONSOLE]
17:17:00,536 |-INFO in ch.qos.logback.core.model.processor.AppenderModelHandler - About to instantiate appender of type [ch.qos.logback.classic.AsyncAppender]
17:17:00,539 |-INFO in ch.qos.logback.core.model.processor.AppenderRefModelHandler - Attaching appender named [CONSOLE] to ch.qos.logback.classic.AsyncAppender[ASYNC_CONSOLE]
17:17:00,539 |-INFO in ch.qos.logback.classic.AsyncAppender[ASYNC_CONSOLE] - Attaching appender named [CONSOLE] to AsyncAppender.
17:17:00,540 |-INFO in ch.qos.logback.classic.AsyncAppender[ASYNC_CONSOLE] - Setting discardingThreshold to 51
17:17:00,540 |-INFO in ch.qos.logback.core.model.processor.AppenderModelHandler - Processing appender named [ASYNC_FILE]
17:17:00,540 |-INFO in ch.qos.logback.core.model.processor.AppenderModelHandler - About to instantiate appender of type [ch.qos.logback.classic.AsyncAppender]
17:17:00,540 |-INFO in ch.qos.logback.core.model.processor.AppenderRefModelHandler - Attaching appender named [FILE] to ch.qos.logback.classic.AsyncAppender[ASYNC_FILE]
17:17:00,540 |-INFO in ch.qos.logback.classic.AsyncAppender[ASYNC_FILE] - Attaching appender named [FILE] to AsyncAppender.
17:17:00,540 |-INFO in ch.qos.logback.classic.AsyncAppender[ASYNC_FILE] - Setting discardingThreshold to 51
17:17:00,540 |-INFO in ch.qos.logback.classic.model.processor.RootLoggerModelHandler - Setting level of ROOT logger to TRACE
17:17:00,541 |-INFO in ch.qos.logback.classic.jul.LevelChangePropagator@2c779e5 - Propagating TRACE level on Logger[ROOT] onto the JUL framework
17:17:00,541 |-INFO in ch.qos.logback.core.model.processor.AppenderRefModelHandler - Attaching appender named [ASYNC_FILE] to Logger[ROOT]
17:17:00,541 |-INFO in ch.qos.logback.core.model.processor.AppenderRefModelHandler - Attaching appender named [ASYNC_CONSOLE] to Logger[ROOT]
17:17:00,541 |-INFO in ch.qos.logback.core.model.processor.DefaultProcessor@6a84bc2a - End of configuration.
17:17:00,541 |-INFO in org.springframework.boot.logging.logback.SpringBootJoranConfigurator@5183d589 - Registering current configuration as safe fallback point

17:17:00.553 [main] o.s.c.i.s.SpringFactoriesLoader TRACE - Loaded [org.springframework.boot.ApplicationContextFactory] names: [org.springframework.boot.web.reactive.context.ReactiveWebServerApplicationContextFactory, org.springframework.boot.web.servlet.context.ServletWebServerApplicationContextFactory]
  .   ____          _            __ _ _
 /\\ / ___'_ __ _ _(_)_ __  __ _ \ \ \ \
( ( )\___ | '_ | '_| | '_ \/ _` | \ \ \ \
 \\/  ___)| |_)| | | | | || (_| |  ) ) ) )
  '  |____| .__|_| |_|_| |_\__, | / / / /
 =========|_|==============|___/=/_/_/_/

 :: Spring Boot ::                (v3.3.0)

17:17:00.628 [main] c.a.I.InternshipProjectApplicationTests INFO  - Starting InternshipProjectApplicationTests using Java 19.0.2 with PID 33784 (started by ADMIN in C:\Users\ADMIN\Desktop\Assignment1Sing\InternshipProject)
17:17:00.628 [main] c.a.I.InternshipProjectApplicationTests DEBUG - Running with Spring Boot v3.3.0, Spring v6.1.8
17:17:00.629 [main] c.a.I.InternshipProjectApplicationTests INFO  - No active profile set, falling back to 1 default profile: "default"
17:17:00.629 [main] o.s.b.SpringApplication DEBUG - Loading source class com.assignment.InternshipProject.InternshipProjectApplication
17:17:00.659 [main] o.s.c.a.ClassPathBeanDefinitionScanner TRACE - JSR-250 'jakarta.annotation.ManagedBean' found and supported for component scanning
17:17:00.687 [main] o.s.b.e.RandomValuePropertySourceEnvironmentPostProcessor TRACE - RandomValuePropertySource add to Environment
17:17:00.687 [main] o.s.b.c.c.ConfigDataEnvironmentPostProcessor TRACE - Post-processing environment to add config data
17:17:00.687 [main] o.s.b.c.c.ConfigDataEnvironment TRACE - Building config data environment contributors
17:17:00.687 [main] o.s.b.c.c.ConfigDataEnvironment TRACE - Creating wrapped config data contributor for 'Inlined Test Properties'
17:17:00.687 [main] o.s.b.c.c.ConfigDataEnvironment TRACE - Creating wrapped config data contributor for 'configurationProperties'
17:17:00.687 [main] o.s.b.c.c.ConfigDataEnvironment TRACE - Creating wrapped config data contributor for 'servletConfigInitParams'
17:17:00.687 [main] o.s.b.c.c.ConfigDataEnvironment TRACE - Creating wrapped config data contributor for 'servletContextInitParams'
17:17:00.687 [main] o.s.b.c.c.ConfigDataEnvironment TRACE - Creating wrapped config data contributor for 'systemProperties'
17:17:00.687 [main] o.s.b.c.c.ConfigDataEnvironment TRACE - Creating wrapped config data contributor for 'systemEnvironment'
17:17:00.687 [main] o.s.b.c.c.ConfigDataEnvironment TRACE - Creating wrapped config data contributor for 'random'
17:17:00.687 [main] o.s.b.c.c.ConfigDataEnvironment TRACE - Adding initial config data import from location 'optional:file:./;optional:file:./config/;optional:file:./config/*/'
17:17:00.687 [main] o.s.b.c.c.ConfigDataEnvironment TRACE - Adding initial config data import from location 'optional:classpath:/;optional:classpath:/config/'
17:17:00.687 [main] o.s.b.c.c.ConfigDataEnvironment TRACE - Processing initial config data environment contributors without activation context
17:17:00.687 [main] o.s.b.c.c.ConfigDataEnvironmentContributors TRACE - Processing imports for phase BEFORE_PROFILE_ACTIVATION. no activation context
17:17:00.687 [main] o.s.b.c.c.ConfigDataEnvironmentContributors TRACE - Processing imports [optional:file:./;optional:file:./config/;optional:file:./config/*/]
17:17:00.687 [main] o.s.b.c.c.StandardConfigDataLocationResolver TRACE - Skipping missing resource file:./application.yaml
17:17:00.687 [main] o.s.b.c.c.StandardConfigDataLocationResolver TRACE - Skipping missing resource file:./application.yml
17:17:00.687 [main] o.s.b.c.c.StandardConfigDataLocationResolver TRACE - Skipping missing resource file:./application.xml
17:17:00.687 [main] o.s.b.c.c.StandardConfigDataLocationResolver TRACE - Skipping missing resource file:./application.properties
17:17:00.687 [main] o.s.b.c.c.StandardConfigDataLocationResolver TRACE - Skipping missing resource file:./config/application.yaml
17:17:00.687 [main] o.s.b.c.c.StandardConfigDataLocationResolver TRACE - Skipping missing resource file:./config/application.yml
17:17:00.687 [main] o.s.b.c.c.StandardConfigDataLocationResolver TRACE - Skipping missing resource file:./config/application.xml
17:17:00.687 [main] o.s.b.c.c.StandardConfigDataLocationResolver TRACE - Skipping missing resource file:./config/application.properties
17:17:00.688 [main] o.s.b.c.c.ConfigDataImporter TRACE - Considering resource file [.] from location optional:file:./;optional:file:./config/;optional:file:./config/*/
17:17:00.688 [main] o.s.b.c.c.ConfigDataLoaders TRACE - Loading file [.] using loader org.springframework.boot.context.config.StandardConfigDataLoader
17:17:00.688 [main] o.s.b.c.c.ConfigDataImporter TRACE - Loaded resource file [.] from location optional:file:./;optional:file:./config/;optional:file:./config/*/
17:17:00.692 [main] o.s.b.c.c.ConfigDataEnvironmentContributors TRACE - Imported 1 resource [file [.]]
17:17:00.693 [main] o.s.b.c.c.ConfigDataEnvironmentContributors TRACE - Processing imports [optional:classpath:/;optional:classpath:/config/]
17:17:00.693 [main] o.s.b.c.c.StandardConfigDataLocationResolver TRACE - Skipping missing resource classpath:/application.yaml
17:17:00.693 [main] o.s.b.c.c.StandardConfigDataLocationResolver TRACE - Skipping missing resource classpath:/application.xml
17:17:00.693 [main] o.s.b.c.c.StandardConfigDataLocationResolver TRACE - Skipping missing resource classpath:/application.properties
17:17:00.693 [main] o.s.b.c.c.StandardConfigDataLocationResolver TRACE - Skipping missing resource classpath:/config/application.yaml
17:17:00.693 [main] o.s.b.c.c.StandardConfigDataLocationResolver TRACE - Skipping missing resource classpath:/config/application.yml
17:17:00.693 [main] o.s.b.c.c.StandardConfigDataLocationResolver TRACE - Skipping missing resource classpath:/config/application.xml
17:17:00.693 [main] o.s.b.c.c.StandardConfigDataLocationResolver TRACE - Skipping missing resource classpath:/config/application.properties
17:17:00.693 [main] o.s.b.c.c.ConfigDataImporter TRACE - Considering resource class path resource [application.yml] from location optional:classpath:/;optional:classpath:/config/
17:17:00.693 [main] o.s.b.c.c.ConfigDataLoaders TRACE - Loading class path resource [application.yml] using loader org.springframework.boot.context.config.StandardConfigDataLoader
17:17:00.693 [main] o.s.b.c.c.ConfigDataImporter TRACE - Loaded resource class path resource [application.yml] from location optional:classpath:/;optional:classpath:/config/
17:17:00.693 [main] o.s.b.c.c.ConfigDataEnvironmentContributors TRACE - Imported 1 resource [class path resource [application.yml]]
17:17:00.694 [main] o.s.b.c.c.ConfigDataEnvironmentContributors TRACE - Processed imports for of 2 contributors
17:17:00.694 [main] o.s.b.c.c.ConfigDataEnvironment TRACE - Creating config data activation context from initial contributions
17:17:00.694 [main] o.s.b.c.c.ConfigDataEnvironment TRACE - Processing config data environment contributors with initial activation context
17:17:00.697 [main] o.s.b.c.c.ConfigDataEnvironmentContributors TRACE - Processing imports for phase BEFORE_PROFILE_ACTIVATION. [ConfigDataActivationContext@6e1f8469 cloudPlatform = [null], profiles = [null]]
17:17:00.697 [main] o.s.b.c.c.ConfigDataEnvironmentContributors TRACE - Processed imports for of 0 contributors
17:17:00.698 [main] o.s.b.c.c.ConfigDataEnvironment TRACE - Deducing profiles from current config data environment contributors
17:17:00.698 [main] o.s.b.c.c.ConfigDataEnvironment TRACE - Processing config data environment contributors with profile activation context
17:17:00.698 [main] o.s.b.c.c.ConfigDataEnvironmentContributors TRACE - Processing imports for phase AFTER_PROFILE_ACTIVATION. [ConfigDataActivationContext@2e380628 cloudPlatform = [null], profiles = [Profiles@3b6c624 active = '[]', default = '[default]', accepted = '[default]']]
17:17:00.699 [main] o.s.b.c.c.ConfigDataEnvironmentContributors TRACE - Processing imports [optional:file:./;optional:file:./config/;optional:file:./config/*/]
17:17:00.699 [main] o.s.b.c.c.StandardConfigDataLocationResolver TRACE - Skipping missing resource file:./application.yaml
17:17:00.699 [main] o.s.b.c.c.StandardConfigDataLocationResolver TRACE - Skipping missing resource file:./application.yml
17:17:00.699 [main] o.s.b.c.c.StandardConfigDataLocationResolver TRACE - Skipping missing resource file:./application.xml
17:17:00.699 [main] o.s.b.c.c.StandardConfigDataLocationResolver TRACE - Skipping missing resource file:./application.properties
17:17:00.699 [main] o.s.b.c.c.StandardConfigDataLocationResolver TRACE - Skipping missing resource file:./config/application.yaml
17:17:00.700 [main] o.s.b.c.c.StandardConfigDataLocationResolver TRACE - Skipping missing resource file:./config/application.yml
17:17:00.700 [main] o.s.b.c.c.StandardConfigDataLocationResolver TRACE - Skipping missing resource file:./config/application.xml
17:17:00.700 [main] o.s.b.c.c.StandardConfigDataLocationResolver TRACE - Skipping missing resource file:./config/application.properties
17:17:00.700 [main] o.s.b.c.c.StandardConfigDataLocationResolver TRACE - Skipping missing resource file:./application-default.yaml
17:17:00.700 [main] o.s.b.c.c.StandardConfigDataLocationResolver TRACE - Skipping missing resource file:./application-default.yml
17:17:00.701 [main] o.s.b.c.c.StandardConfigDataLocationResolver TRACE - Skipping missing resource file:./application-default.xml
17:17:00.702 [main] o.s.b.c.c.StandardConfigDataLocationResolver TRACE - Skipping missing resource file:./application-default.properties
17:17:00.703 [main] o.s.b.c.c.StandardConfigDataLocationResolver TRACE - Skipping missing resource file:./config/application-default.yaml
17:17:00.703 [main] o.s.b.c.c.StandardConfigDataLocationResolver TRACE - Skipping missing resource file:./config/application-default.yml
17:17:00.703 [main] o.s.b.c.c.StandardConfigDataLocationResolver TRACE - Skipping missing resource file:./config/application-default.xml
17:17:00.703 [main] o.s.b.c.c.StandardConfigDataLocationResolver TRACE - Skipping missing resource file:./config/application-default.properties
17:17:00.703 [main] o.s.b.c.c.ConfigDataImporter TRACE - Considering resource file [.] from location optional:file:./;optional:file:./config/;optional:file:./config/*/
17:17:00.703 [main] o.s.b.c.c.ConfigDataImporter TRACE - Already loaded resource file [.] ignoring location optional:file:./;optional:file:./config/;optional:file:./config/*/
17:17:00.703 [main] o.s.b.c.c.ConfigDataImporter TRACE - Considering resource file [.] from location optional:file:./;optional:file:./config/;optional:file:./config/*/
17:17:00.703 [main] o.s.b.c.c.ConfigDataImporter TRACE - Already loaded resource file [.] ignoring location optional:file:./;optional:file:./config/;optional:file:./config/*/
17:17:00.705 [main] o.s.b.c.c.ConfigDataEnvironmentContributors TRACE - Nothing imported
17:17:00.705 [main] o.s.b.c.c.ConfigDataEnvironmentContributors TRACE - Processing imports [optional:classpath:/;optional:classpath:/config/]
17:17:00.705 [main] o.s.b.c.c.StandardConfigDataLocationResolver TRACE - Skipping missing resource classpath:/application.yaml
17:17:00.705 [main] o.s.b.c.c.StandardConfigDataLocationResolver TRACE - Skipping missing resource classpath:/application.xml
17:17:00.705 [main] o.s.b.c.c.StandardConfigDataLocationResolver TRACE - Skipping missing resource classpath:/application.properties
17:17:00.705 [main] o.s.b.c.c.StandardConfigDataLocationResolver TRACE - Skipping missing resource classpath:/config/application.yaml
17:17:00.705 [main] o.s.b.c.c.StandardConfigDataLocationResolver TRACE - Skipping missing resource classpath:/config/application.yml
17:17:00.705 [main] o.s.b.c.c.StandardConfigDataLocationResolver TRACE - Skipping missing resource classpath:/config/application.xml
17:17:00.705 [main] o.s.b.c.c.StandardConfigDataLocationResolver TRACE - Skipping missing resource classpath:/config/application.properties
17:17:00.705 [main] o.s.b.c.c.StandardConfigDataLocationResolver TRACE - Skipping missing resource classpath:/application-default.yaml
17:17:00.705 [main] o.s.b.c.c.StandardConfigDataLocationResolver TRACE - Skipping missing resource classpath:/application-default.yml
17:17:00.705 [main] o.s.b.c.c.StandardConfigDataLocationResolver TRACE - Skipping missing resource classpath:/application-default.xml
17:17:00.705 [main] o.s.b.c.c.StandardConfigDataLocationResolver TRACE - Skipping missing resource classpath:/application-default.properties
17:17:00.705 [main] o.s.b.c.c.StandardConfigDataLocationResolver TRACE - Skipping missing resource classpath:/config/application-default.yaml
17:17:00.706 [main] o.s.b.c.c.StandardConfigDataLocationResolver TRACE - Skipping missing resource classpath:/config/application-default.yml
17:17:00.706 [main] o.s.b.c.c.StandardConfigDataLocationResolver TRACE - Skipping missing resource classpath:/config/application-default.xml
17:17:00.706 [main] o.s.b.c.c.StandardConfigDataLocationResolver TRACE - Skipping missing resource classpath:/config/application-default.properties
17:17:00.706 [main] o.s.b.c.c.ConfigDataImporter TRACE - Considering resource class path resource [application.yml] from location optional:classpath:/;optional:classpath:/config/
17:17:00.706 [main] o.s.b.c.c.ConfigDataImporter TRACE - Already loaded resource class path resource [application.yml] ignoring location optional:classpath:/;optional:classpath:/config/
17:17:00.706 [main] o.s.b.c.c.ConfigDataEnvironmentContributors TRACE - Nothing imported
17:17:00.706 [main] o.s.b.c.c.ConfigDataEnvironmentContributors TRACE - Processed imports for of 2 contributors
17:17:00.706 [main] o.s.b.c.c.ConfigDataEnvironment TRACE - Applying config data environment contributions
17:17:00.706 [main] o.s.b.c.c.ConfigDataEnvironment TRACE - Adding imported property source 'Config resource 'class path resource [application.yml]' via location 'optional:classpath:/''
17:17:00.706 [main] o.s.b.c.c.ConfigDataEnvironment TRACE - Setting default profiles: [default]
17:17:00.706 [main] o.s.b.c.c.ConfigDataEnvironment TRACE - Setting active profiles: []
17:17:00.724 [main] o.s.w.c.s.GenericWebApplicationContext TRACE - Refreshing org.springframework.web.context.support.GenericWebApplicationContext@6090f3ca, started on Wed Jul 24 17:17:00 ICT 2024
17:17:00.738 [main] o.s.b.f.s.DefaultListableBeanFactory TRACE - Registering scope 'request' with implementation [org.springframework.web.context.request.RequestScope@67403656]
17:17:00.739 [main] o.s.b.f.s.DefaultListableBeanFactory TRACE - Registering scope 'session' with implementation [org.springframework.web.context.request.SessionScope@746cd757]
17:17:00.739 [main] o.s.b.f.s.DefaultListableBeanFactory TRACE - Registering scope 'application' with implementation [org.springframework.web.context.support.ServletContextScope@749ab7b4]
17:17:00.761 [main] o.s.b.f.s.DefaultListableBeanFactory DEBUG - Creating shared instance of singleton bean 'org.springframework.context.annotation.internalConfigurationAnnotationProcessor'
17:17:00.764 [main] o.s.b.f.s.DefaultListableBeanFactory TRACE - Creating instance of bean 'org.springframework.context.annotation.internalConfigurationAnnotationProcessor'
17:17:00.810 [main] o.s.b.f.s.DefaultListableBeanFactory DEBUG - Creating shared instance of singleton bean 'org.springframework.boot.autoconfigure.internalCachingMetadataReaderFactory'
17:17:00.810 [main] o.s.b.f.s.DefaultListableBeanFactory TRACE - Creating instance of bean 'org.springframework.boot.autoconfigure.internalCachingMetadataReaderFactory'
17:17:00.815 [main] o.s.b.f.s.DefaultListableBeanFactory TRACE - Finished creating instance of bean 'org.springframework.boot.autoconfigure.internalCachingMetadataReaderFactory'
17:17:00.818 [main] o.s.c.i.s.SpringFactoriesLoader TRACE - Loaded [org.springframework.beans.BeanInfoFactory] names: []
17:17:00.820 [main] o.s.b.CachedIntrospectionResults TRACE - Getting BeanInfo for class [org.springframework.context.annotation.ConfigurationClassPostProcessor]
17:17:00.828 [main] o.s.b.CachedIntrospectionResults TRACE - Caching PropertyDescriptors for class [org.springframework.context.annotation.ConfigurationClassPostProcessor]
17:17:00.830 [main] o.s.b.CachedIntrospectionResults TRACE - Found bean property 'applicationStartup' of type [org.springframework.core.metrics.ApplicationStartup]
17:17:00.830 [main] o.s.b.CachedIntrospectionResults TRACE - Found bean property 'beanClassLoader' of type [java.lang.ClassLoader]
17:17:00.830 [main] o.s.b.CachedIntrospectionResults TRACE - Found bean property 'beanExcludedFromAotProcessing' of type [boolean]
17:17:00.831 [main] o.s.b.CachedIntrospectionResults TRACE - Found bean property 'beanNameGenerator' of type [org.springframework.beans.factory.support.BeanNameGenerator]
17:17:00.831 [main] o.s.b.CachedIntrospectionResults TRACE - Found bean property 'class' of type [java.lang.Class]
17:17:00.832 [main] o.s.b.CachedIntrospectionResults TRACE - Found bean property 'environment' of type [org.springframework.core.env.Environment]
17:17:00.832 [main] o.s.b.CachedIntrospectionResults TRACE - Found bean property 'metadataReaderFactory' of type [org.springframework.core.type.classreading.MetadataReaderFactory]
17:17:00.832 [main] o.s.b.CachedIntrospectionResults TRACE - Found bean property 'order' of type [int]
17:17:00.832 [main] o.s.b.CachedIntrospectionResults TRACE - Found bean property 'problemReporter' of type [org.springframework.beans.factory.parsing.ProblemReporter]
17:17:00.832 [main] o.s.b.CachedIntrospectionResults TRACE - Found bean property 'resourceLoader' of type [org.springframework.core.io.ResourceLoader]
17:17:00.832 [main] o.s.b.CachedIntrospectionResults TRACE - Found bean property 'sourceExtractor' of type [org.springframework.beans.factory.parsing.SourceExtractor]
17:17:00.839 [main] o.s.b.f.s.DefaultListableBeanFactory TRACE - Finished creating instance of bean 'org.springframework.context.annotation.internalConfigurationAnnotationProcessor'
17:17:00.859 [main] o.s.c.a.ClassPathBeanDefinitionScanner TRACE - JSR-250 'jakarta.annotation.ManagedBean' found and supported for component scanning
17:17:00.864 [main] o.s.c.i.s.PathMatchingResourcePatternResolver TRACE - Resolved module-path location pattern [com/assignment/InternshipProject/**/*.class] to resources []
17:17:00.864 [main] o.s.c.i.s.PathMatchingResourcePatternResolver TRACE - Resolved module-path location pattern [com/assignment/InternshipProject/] to resources []
17:17:00.865 [main] o.s.c.i.s.PathMatchingResourcePatternResolver TRACE - Resolved class path location [com/assignment/InternshipProject/] to resources [file [C:\Users\ADMIN\Desktop\Assignment1Sing\InternshipProject\target\test-classes\com\assignment\InternshipProject], file [C:\Users\ADMIN\Desktop\Assignment1Sing\InternshipProject\target\classes\com\assignment\InternshipProject]]
17:17:00.867 [main] o.s.c.i.s.PathMatchingResourcePatternResolver TRACE - Searching directory [C:\Users\ADMIN\Desktop\Assignment1Sing\InternshipProject\target\test-classes\com\assignment\InternshipProject] for files matching pattern [**/*.class]
17:17:00.868 [main] o.s.c.i.s.PathMatchingResourcePatternResolver TRACE - Searching directory [C:\Users\ADMIN\Desktop\Assignment1Sing\InternshipProject\target\classes\com\assignment\InternshipProject] for files matching pattern [**/*.class]
17:17:00.871 [main] o.s.c.i.s.PathMatchingResourcePatternResolver TRACE - Resolved location pattern [classpath*:com/assignment/InternshipProject/**/*.class] to resources [file [C:\Users\ADMIN\Desktop\Assignment1Sing\InternshipProject\target\test-classes\com\assignment\InternshipProject\InternshipProjectApplicationTests.class], file [C:\Users\ADMIN\Desktop\Assignment1Sing\InternshipProject\target\classes\com\assignment\InternshipProject\configuration\FilterConfig.class], file [C:\Users\ADMIN\Desktop\Assignment1Sing\InternshipProject\target\classes\com\assignment\InternshipProject\controller\UserController.class], file [C:\Users\ADMIN\Desktop\Assignment1Sing\InternshipProject\target\classes\com\assignment\InternshipProject\filter\LoggingFilter.class], file [C:\Users\ADMIN\Desktop\Assignment1Sing\InternshipProject\target\classes\com\assignment\InternshipProject\InternshipProjectApplication.class], file [C:\Users\ADMIN\Desktop\Assignment1Sing\InternshipProject\target\classes\com\assignment\InternshipProject\model\HttpResponse.class], file [C:\Users\ADMIN\Desktop\Assignment1Sing\InternshipProject\target\classes\com\assignment\InternshipProject\model\LoginRequest.class], file [C:\Users\ADMIN\Desktop\Assignment1Sing\InternshipProject\target\classes\com\assignment\InternshipProject\model\LoginSession.class], file [C:\Users\ADMIN\Desktop\Assignment1Sing\InternshipProject\target\classes\com\assignment\InternshipProject\model\LogoutRequest.class], file [C:\Users\ADMIN\Desktop\Assignment1Sing\InternshipProject\target\classes\com\assignment\InternshipProject\model\ResponseCode.class], file [C:\Users\ADMIN\Desktop\Assignment1Sing\InternshipProject\target\classes\com\assignment\InternshipProject\model\User.class], file [C:\Users\ADMIN\Desktop\Assignment1Sing\InternshipProject\target\classes\com\assignment\InternshipProject\model\UserDto.class], file [C:\Users\ADMIN\Desktop\Assignment1Sing\InternshipProject\target\classes\com\assignment\InternshipProject\model\ValidationException.class], file [C:\Users\ADMIN\Desktop\Assignment1Sing\InternshipProject\target\classes\com\assignment\InternshipProject\repository\LoginSessionRepository.class], file [C:\Users\ADMIN\Desktop\Assignment1Sing\InternshipProject\target\classes\com\assignment\InternshipProject\repository\UserRepository.class], file [C:\Users\ADMIN\Desktop\Assignment1Sing\InternshipProject\target\classes\com\assignment\InternshipProject\service\UserService.class]]
17:17:00.871 [main] o.s.c.a.ClassPathBeanDefinitionScanner TRACE - Scanning file [C:\Users\ADMIN\Desktop\Assignment1Sing\InternshipProject\target\test-classes\com\assignment\InternshipProject\InternshipProjectApplicationTests.class]
17:17:00.873 [main] o.s.b.f.s.DefaultListableBeanFactory TRACE - Returning cached instance of singleton bean 'org.springframework.boot.test.context.filter.TestTypeExcludeFilter'
17:17:00.873 [main] o.s.c.a.ClassPathBeanDefinitionScanner TRACE - Ignored because not matching any filter: file [C:\Users\ADMIN\Desktop\Assignment1Sing\InternshipProject\target\test-classes\com\assignment\InternshipProject\InternshipProjectApplicationTests.class]
17:17:00.873 [main] o.s.c.a.ClassPathBeanDefinitionScanner TRACE - Scanning file [C:\Users\ADMIN\Desktop\Assignment1Sing\InternshipProject\target\classes\com\assignment\InternshipProject\configuration\FilterConfig.class]
17:17:00.877 [main] o.s.c.a.ClassPathBeanDefinitionScanner DEBUG - Identified candidate component class: file [C:\Users\ADMIN\Desktop\Assignment1Sing\InternshipProject\target\classes\com\assignment\InternshipProject\configuration\FilterConfig.class]
17:17:00.878 [main] o.s.c.a.ClassPathBeanDefinitionScanner TRACE - Scanning file [C:\Users\ADMIN\Desktop\Assignment1Sing\InternshipProject\target\classes\com\assignment\InternshipProject\controller\UserController.class]
17:17:00.904 [main] o.s.c.a.ClassPathBeanDefinitionScanner DEBUG - Identified candidate component class: file [C:\Users\ADMIN\Desktop\Assignment1Sing\InternshipProject\target\classes\com\assignment\InternshipProject\controller\UserController.class]
17:17:00.904 [main] o.s.c.a.ClassPathBeanDefinitionScanner TRACE - Scanning file [C:\Users\ADMIN\Desktop\Assignment1Sing\InternshipProject\target\classes\com\assignment\InternshipProject\filter\LoggingFilter.class]
17:17:00.905 [main] o.s.c.a.ClassPathBeanDefinitionScanner TRACE - Ignored because not matching any filter: file [C:\Users\ADMIN\Desktop\Assignment1Sing\InternshipProject\target\classes\com\assignment\InternshipProject\filter\LoggingFilter.class]
17:17:00.905 [main] o.s.c.a.ClassPathBeanDefinitionScanner TRACE - Scanning file [C:\Users\ADMIN\Desktop\Assignment1Sing\InternshipProject\target\classes\com\assignment\InternshipProject\InternshipProjectApplication.class]
17:17:00.907 [main] o.s.c.a.ClassPathBeanDefinitionScanner TRACE - Ignored because not matching any filter: file [C:\Users\ADMIN\Desktop\Assignment1Sing\InternshipProject\target\classes\com\assignment\InternshipProject\InternshipProjectApplication.class]
17:17:00.907 [main] o.s.c.a.ClassPathBeanDefinitionScanner TRACE - Scanning file [C:\Users\ADMIN\Desktop\Assignment1Sing\InternshipProject\target\classes\com\assignment\InternshipProject\model\HttpResponse.class]
17:17:00.910 [main] o.s.c.a.ClassPathBeanDefinitionScanner TRACE - Ignored because not matching any filter: file [C:\Users\ADMIN\Desktop\Assignment1Sing\InternshipProject\target\classes\com\assignment\InternshipProject\model\HttpResponse.class]
17:17:00.910 [main] o.s.c.a.ClassPathBeanDefinitionScanner TRACE - Scanning file [C:\Users\ADMIN\Desktop\Assignment1Sing\InternshipProject\target\classes\com\assignment\InternshipProject\model\LoginRequest.class]
17:17:00.915 [main] o.s.c.a.ClassPathBeanDefinitionScanner TRACE - Ignored because not matching any filter: file [C:\Users\ADMIN\Desktop\Assignment1Sing\InternshipProject\target\classes\com\assignment\InternshipProject\model\LoginRequest.class]
17:17:00.915 [main] o.s.c.a.ClassPathBeanDefinitionScanner TRACE - Scanning file [C:\Users\ADMIN\Desktop\Assignment1Sing\InternshipProject\target\classes\com\assignment\InternshipProject\model\LoginSession.class]
17:17:00.918 [main] o.s.c.a.ClassPathBeanDefinitionScanner DEBUG - Identified candidate component class: file [C:\Users\ADMIN\Desktop\Assignment1Sing\InternshipProject\target\classes\com\assignment\InternshipProject\model\LoginSession.class]
17:17:00.918 [main] o.s.c.a.ClassPathBeanDefinitionScanner TRACE - Scanning file [C:\Users\ADMIN\Desktop\Assignment1Sing\InternshipProject\target\classes\com\assignment\InternshipProject\model\LogoutRequest.class]
17:17:00.925 [main] o.s.c.a.ClassPathBeanDefinitionScanner TRACE - Ignored because not matching any filter: file [C:\Users\ADMIN\Desktop\Assignment1Sing\InternshipProject\target\classes\com\assignment\InternshipProject\model\LogoutRequest.class]
17:17:00.925 [main] o.s.c.a.ClassPathBeanDefinitionScanner TRACE - Scanning file [C:\Users\ADMIN\Desktop\Assignment1Sing\InternshipProject\target\classes\com\assignment\InternshipProject\model\ResponseCode.class]
17:17:00.927 [main] o.s.c.a.ClassPathBeanDefinitionScanner TRACE - Ignored because not matching any filter: file [C:\Users\ADMIN\Desktop\Assignment1Sing\InternshipProject\target\classes\com\assignment\InternshipProject\model\ResponseCode.class]
17:17:00.927 [main] o.s.c.a.ClassPathBeanDefinitionScanner TRACE - Scanning file [C:\Users\ADMIN\Desktop\Assignment1Sing\InternshipProject\target\classes\com\assignment\InternshipProject\model\User.class]
17:17:00.933 [main] o.s.c.a.ClassPathBeanDefinitionScanner DEBUG - Identified candidate component class: file [C:\Users\ADMIN\Desktop\Assignment1Sing\InternshipProject\target\classes\com\assignment\InternshipProject\model\User.class]
17:17:00.933 [main] o.s.c.a.ClassPathBeanDefinitionScanner TRACE - Scanning file [C:\Users\ADMIN\Desktop\Assignment1Sing\InternshipProject\target\classes\com\assignment\InternshipProject\model\UserDto.class]
17:17:00.935 [main] o.s.c.a.ClassPathBeanDefinitionScanner TRACE - Ignored because not matching any filter: file [C:\Users\ADMIN\Desktop\Assignment1Sing\InternshipProject\target\classes\com\assignment\InternshipProject\model\UserDto.class]
17:17:00.935 [main] o.s.c.a.ClassPathBeanDefinitionScanner TRACE - Scanning file [C:\Users\ADMIN\Desktop\Assignment1Sing\InternshipProject\target\classes\com\assignment\InternshipProject\model\ValidationException.class]
17:17:00.936 [main] o.s.c.a.ClassPathBeanDefinitionScanner TRACE - Ignored because not matching any filter: file [C:\Users\ADMIN\Desktop\Assignment1Sing\InternshipProject\target\classes\com\assignment\InternshipProject\model\ValidationException.class]
17:17:00.936 [main] o.s.c.a.ClassPathBeanDefinitionScanner TRACE - Scanning file [C:\Users\ADMIN\Desktop\Assignment1Sing\InternshipProject\target\classes\com\assignment\InternshipProject\repository\LoginSessionRepository.class]
17:17:00.939 [main] o.s.c.a.ClassPathBeanDefinitionScanner DEBUG - Identified candidate component class: file [C:\Users\ADMIN\Desktop\Assignment1Sing\InternshipProject\target\classes\com\assignment\InternshipProject\repository\LoginSessionRepository.class]
17:17:00.939 [main] o.s.c.a.ClassPathBeanDefinitionScanner TRACE - Scanning file [C:\Users\ADMIN\Desktop\Assignment1Sing\InternshipProject\target\classes\com\assignment\InternshipProject\repository\UserRepository.class]
17:17:00.941 [main] o.s.c.a.ClassPathBeanDefinitionScanner DEBUG - Identified candidate component class: file [C:\Users\ADMIN\Desktop\Assignment1Sing\InternshipProject\target\classes\com\assignment\InternshipProject\repository\UserRepository.class]
17:17:00.941 [main] o.s.c.a.ClassPathBeanDefinitionScanner TRACE - Scanning file [C:\Users\ADMIN\Desktop\Assignment1Sing\InternshipProject\target\classes\com\assignment\InternshipProject\service\UserService.class]
17:17:00.943 [main] o.s.c.a.ClassPathBeanDefinitionScanner DEBUG - Identified candidate component class: file [C:\Users\ADMIN\Desktop\Assignment1Sing\InternshipProject\target\classes\com\assignment\InternshipProject\service\UserService.class]
17:17:01.006 [main] o.s.c.i.s.SpringFactoriesLoader TRACE - Loaded [org.springframework.boot.autoconfigure.AutoConfigurationImportFilter] names: [org.springframework.boot.autoconfigure.condition.OnBeanCondition, org.springframework.boot.autoconfigure.condition.OnClassCondition, org.springframework.boot.autoconfigure.condition.OnWebApplicationCondition]
17:17:01.034 [main] o.s.b.f.s.DefaultListableBeanFactory TRACE - Returning cached instance of singleton bean 'autoConfigurationReport'
17:17:01.123 [main] o.s.b.a.c.OnClassCondition TRACE - Condition OnClassCondition on org.springframework.boot.autoconfigure.amqp.RabbitAutoConfiguration did not match due to @ConditionalOnClass did not find required class 'com.rabbitmq.client.Channel'
17:17:01.125 [main] o.s.b.a.c.OnClassCondition TRACE - Condition OnClassCondition on org.springframework.boot.autoconfigure.batch.BatchAutoConfiguration did not match due to @ConditionalOnClass did not find required class 'org.springframework.batch.core.launch.JobLauncher'
17:17:01.125 [main] o.s.b.a.c.OnClassCondition TRACE - Condition OnClassCondition on org.springframework.boot.autoconfigure.cassandra.CassandraAutoConfiguration did not match due to @ConditionalOnClass did not find required class 'com.datastax.oss.driver.api.core.CqlSession'
17:17:01.125 [main] o.s.b.a.c.OnClassCondition TRACE - Condition OnClassCondition on org.springframework.boot.autoconfigure.couchbase.CouchbaseAutoConfiguration did not match due to @ConditionalOnClass did not find required class 'com.couchbase.client.java.Cluster'
17:17:01.125 [main] o.s.b.a.c.OnClassCondition TRACE - Condition OnClassCondition on org.springframework.boot.autoconfigure.data.cassandra.CassandraDataAutoConfiguration did not match due to @ConditionalOnClass did not find required class 'com.datastax.oss.driver.api.core.CqlSession'
17:17:01.125 [main] o.s.b.a.c.OnClassCondition TRACE - Condition OnClassCondition on org.springframework.boot.autoconfigure.data.cassandra.CassandraReactiveDataAutoConfiguration did not match due to @ConditionalOnClass did not find required class 'com.datastax.oss.driver.api.core.CqlSession'
17:17:01.125 [main] o.s.b.a.c.OnClassCondition TRACE - Condition OnClassCondition on org.springframework.boot.autoconfigure.data.cassandra.CassandraReactiveRepositoriesAutoConfiguration did not match due to @ConditionalOnClass did not find required class 'org.springframework.data.cassandra.ReactiveSession'
17:17:01.125 [main] o.s.b.a.c.OnClassCondition TRACE - Condition OnClassCondition on org.springframework.boot.autoconfigure.data.cassandra.CassandraRepositoriesAutoConfiguration did not match due to @ConditionalOnClass did not find required class 'com.datastax.oss.driver.api.core.CqlSession'
17:17:01.125 [main] o.s.b.a.c.OnClassCondition TRACE - Condition OnClassCondition on org.springframework.boot.autoconfigure.data.couchbase.CouchbaseDataAutoConfiguration did not match due to @ConditionalOnClass did not find required class 'com.couchbase.client.java.Bucket'
17:17:01.125 [main] o.s.b.a.c.OnClassCondition TRACE - Condition OnClassCondition on org.springframework.boot.autoconfigure.data.couchbase.CouchbaseReactiveDataAutoConfiguration did not match due to @ConditionalOnClass did not find required class 'com.couchbase.client.java.Cluster'
17:17:01.125 [main] o.s.b.a.c.OnClassCondition TRACE - Condition OnClassCondition on org.springframework.boot.autoconfigure.data.couchbase.CouchbaseReactiveRepositoriesAutoConfiguration did not match due to @ConditionalOnClass did not find required class 'com.couchbase.client.java.Cluster'
17:17:01.125 [main] o.s.b.a.c.OnClassCondition TRACE - Condition OnClassCondition on org.springframework.boot.autoconfigure.data.couchbase.CouchbaseRepositoriesAutoConfiguration did not match due to @ConditionalOnClass did not find required class 'com.couchbase.client.java.Bucket'
17:17:01.125 [main] o.s.b.a.c.OnClassCondition TRACE - Condition OnClassCondition on org.springframework.boot.autoconfigure.data.elasticsearch.ElasticsearchDataAutoConfiguration did not match due to @ConditionalOnClass did not find required class 'org.springframework.data.elasticsearch.client.elc.ElasticsearchTemplate'
17:17:01.125 [main] o.s.b.a.c.OnClassCondition TRACE - Condition OnClassCondition on org.springframework.boot.autoconfigure.data.elasticsearch.ElasticsearchRepositoriesAutoConfiguration did not match due to @ConditionalOnClass did not find required class 'org.springframework.data.elasticsearch.repository.ElasticsearchRepository'
17:17:01.125 [main] o.s.b.a.c.OnClassCondition TRACE - Condition OnClassCondition on org.springframework.boot.autoconfigure.data.elasticsearch.ReactiveElasticsearchRepositoriesAutoConfiguration did not match due to @ConditionalOnClass did not find required class 'org.springframework.data.elasticsearch.client.elc.ReactiveElasticsearchClient'
17:17:01.125 [main] o.s.b.a.c.OnClassCondition TRACE - Condition OnClassCondition on org.springframework.boot.autoconfigure.data.jdbc.JdbcRepositoriesAutoConfiguration did not match due to @ConditionalOnClass did not find required class 'org.springframework.data.jdbc.repository.config.AbstractJdbcConfiguration'
17:17:01.125 [main] o.s.b.a.c.OnClassCondition TRACE - Condition OnClassCondition on org.springframework.boot.autoconfigure.data.jpa.JpaRepositoriesAutoConfiguration did not match due to @ConditionalOnClass did not find required class 'org.springframework.data.jpa.repository.JpaRepository'
17:17:01.126 [main] o.s.b.a.c.OnClassCondition TRACE - Condition OnClassCondition on org.springframework.boot.autoconfigure.data.ldap.LdapRepositoriesAutoConfiguration did not match due to @ConditionalOnClass did not find required class 'org.springframework.data.ldap.repository.LdapRepository'
17:17:01.126 [main] o.s.b.a.c.OnClassCondition TRACE - Condition OnClassCondition on org.springframework.boot.autoconfigure.data.mongo.MongoDataAutoConfiguration did not match due to @ConditionalOnClass did not find required class 'com.mongodb.client.MongoClient'
17:17:01.126 [main] o.s.b.a.c.OnClassCondition TRACE - Condition OnClassCondition on org.springframework.boot.autoconfigure.data.mongo.MongoReactiveDataAutoConfiguration did not match due to @ConditionalOnClass did not find required class 'com.mongodb.reactivestreams.client.MongoClient'
17:17:01.126 [main] o.s.b.a.c.OnClassCondition TRACE - Condition OnClassCondition on org.springframework.boot.autoconfigure.data.mongo.MongoReactiveRepositoriesAutoConfiguration did not match due to @ConditionalOnClass did not find required class 'com.mongodb.reactivestreams.client.MongoClient'
17:17:01.126 [main] o.s.b.a.c.OnClassCondition TRACE - Condition OnClassCondition on org.springframework.boot.autoconfigure.data.mongo.MongoRepositoriesAutoConfiguration did not match due to @ConditionalOnClass did not find required class 'com.mongodb.client.MongoClient'
17:17:01.126 [main] o.s.b.a.c.OnClassCondition TRACE - Condition OnClassCondition on org.springframework.boot.autoconfigure.data.neo4j.Neo4jDataAutoConfiguration did not match due to @ConditionalOnClass did not find required class 'org.neo4j.driver.Driver'
17:17:01.126 [main] o.s.b.a.c.OnClassCondition TRACE - Condition OnClassCondition on org.springframework.boot.autoconfigure.data.neo4j.Neo4jReactiveDataAutoConfiguration did not match due to @ConditionalOnClass did not find required class 'org.neo4j.driver.Driver'
17:17:01.127 [main] o.s.b.a.c.OnClassCondition TRACE - Condition OnClassCondition on org.springframework.boot.autoconfigure.data.neo4j.Neo4jReactiveRepositoriesAutoConfiguration did not match due to @ConditionalOnClass did not find required class 'org.neo4j.driver.Driver'
17:17:01.127 [main] o.s.b.a.c.OnClassCondition TRACE - Condition OnClassCondition on org.springframework.boot.autoconfigure.data.neo4j.Neo4jRepositoriesAutoConfiguration did not match due to @ConditionalOnClass did not find required class 'org.neo4j.driver.Driver'
17:17:01.127 [main] o.s.b.a.c.OnClassCondition TRACE - Condition OnClassCondition on org.springframework.boot.autoconfigure.data.r2dbc.R2dbcDataAutoConfiguration did not match due to @ConditionalOnClass did not find required class 'org.springframework.data.r2dbc.core.R2dbcEntityTemplate'
17:17:01.127 [main] o.s.b.a.c.OnClassCondition TRACE - Condition OnClassCondition on org.springframework.boot.autoconfigure.data.r2dbc.R2dbcRepositoriesAutoConfiguration did not match due to @ConditionalOnClass did not find required class 'io.r2dbc.spi.ConnectionFactory'
17:17:01.127 [main] o.s.b.a.c.OnClassCondition TRACE - Condition OnClassCondition on org.springframework.boot.autoconfigure.data.redis.RedisAutoConfiguration did not match due to @ConditionalOnClass did not find required class 'org.springframework.data.redis.core.RedisOperations'
17:17:01.127 [main] o.s.b.a.c.OnClassCondition TRACE - Condition OnClassCondition on org.springframework.boot.autoconfigure.data.redis.RedisReactiveAutoConfiguration did not match due to @ConditionalOnClass did not find required class 'reactor.core.publisher.Flux'
17:17:01.127 [main] o.s.b.a.c.OnClassCondition TRACE - Condition OnClassCondition on org.springframework.boot.autoconfigure.data.redis.RedisRepositoriesAutoConfiguration did not match due to @ConditionalOnClass did not find required class 'org.springframework.data.redis.repository.configuration.EnableRedisRepositories'
17:17:01.127 [main] o.s.b.a.c.OnClassCondition TRACE - Condition OnClassCondition on org.springframework.boot.autoconfigure.data.rest.RepositoryRestMvcAutoConfiguration did not match due to @ConditionalOnClass did not find required class 'org.springframework.data.rest.webmvc.config.RepositoryRestMvcConfiguration'
17:17:01.127 [main] o.s.b.a.c.OnClassCondition TRACE - Condition OnClassCondition on org.springframework.boot.autoconfigure.data.web.SpringDataWebAutoConfiguration did not match due to @ConditionalOnClass did not find required class 'org.springframework.data.web.PageableHandlerMethodArgumentResolver'
17:17:01.127 [main] o.s.b.a.c.OnClassCondition TRACE - Condition OnClassCondition on org.springframework.boot.autoconfigure.elasticsearch.ElasticsearchClientAutoConfiguration did not match due to @ConditionalOnClass did not find required class 'co.elastic.clients.elasticsearch.ElasticsearchClient'
17:17:01.127 [main] o.s.b.a.c.OnClassCondition TRACE - Condition OnClassCondition on org.springframework.boot.autoconfigure.elasticsearch.ElasticsearchRestClientAutoConfiguration did not match due to @ConditionalOnClass did not find required class 'org.elasticsearch.client.RestClientBuilder'
17:17:01.127 [main] o.s.b.a.c.OnClassCondition TRACE - Condition OnClassCondition on org.springframework.boot.autoconfigure.elasticsearch.ReactiveElasticsearchClientAutoConfiguration did not match due to @ConditionalOnClass did not find required class 'co.elastic.clients.transport.ElasticsearchTransport'
17:17:01.127 [main] o.s.b.a.c.OnClassCondition TRACE - Condition OnClassCondition on org.springframework.boot.autoconfigure.flyway.FlywayAutoConfiguration did not match due to @ConditionalOnClass did not find required class 'org.flywaydb.core.Flyway'
17:17:01.127 [main] o.s.b.a.c.OnClassCondition TRACE - Condition OnClassCondition on org.springframework.boot.autoconfigure.freemarker.FreeMarkerAutoConfiguration did not match due to @ConditionalOnClass did not find required class 'freemarker.template.Configuration'
17:17:01.127 [main] o.s.b.a.c.OnClassCondition TRACE - Condition OnClassCondition on org.springframework.boot.autoconfigure.graphql.GraphQlAutoConfiguration did not match due to @ConditionalOnClass did not find required class 'graphql.GraphQL'
17:17:01.127 [main] o.s.b.a.c.OnClassCondition TRACE - Condition OnClassCondition on org.springframework.boot.autoconfigure.graphql.data.GraphQlReactiveQueryByExampleAutoConfiguration did not match due to @ConditionalOnClass did not find required class 'graphql.GraphQL'
17:17:01.127 [main] o.s.b.a.c.OnClassCondition TRACE - Condition OnClassCondition on org.springframework.boot.autoconfigure.graphql.data.GraphQlReactiveQuerydslAutoConfiguration did not match due to @ConditionalOnClass did not find required class 'com.querydsl.core.Query'
17:17:01.127 [main] o.s.b.a.c.OnClassCondition TRACE - Condition OnClassCondition on org.springframework.boot.autoconfigure.graphql.data.GraphQlQueryByExampleAutoConfiguration did not match due to @ConditionalOnClass did not find required class 'graphql.GraphQL'
17:17:01.127 [main] o.s.b.a.c.OnClassCondition TRACE - Condition OnClassCondition on org.springframework.boot.autoconfigure.graphql.data.GraphQlQuerydslAutoConfiguration did not match due to @ConditionalOnClass did not find required class 'com.querydsl.core.Query'
17:17:01.127 [main] o.s.b.a.c.OnClassCondition TRACE - Condition OnClassCondition on org.springframework.boot.autoconfigure.graphql.reactive.GraphQlWebFluxAutoConfiguration did not match due to @ConditionalOnClass did not find required class 'graphql.GraphQL'
17:17:01.127 [main] o.s.b.a.c.OnClassCondition TRACE - Condition OnClassCondition on org.springframework.boot.autoconfigure.graphql.rsocket.GraphQlRSocketAutoConfiguration did not match due to @ConditionalOnClass did not find required class 'graphql.GraphQL'
17:17:01.127 [main] o.s.b.a.c.OnClassCondition TRACE - Condition OnClassCondition on org.springframework.boot.autoconfigure.graphql.rsocket.RSocketGraphQlClientAutoConfiguration did not match due to @ConditionalOnClass did not find required class 'graphql.GraphQL'
17:17:01.127 [main] o.s.b.a.c.OnClassCondition TRACE - Condition OnClassCondition on org.springframework.boot.autoconfigure.graphql.security.GraphQlWebFluxSecurityAutoConfiguration did not match due to @ConditionalOnClass did not find required class 'graphql.GraphQL'
17:17:01.127 [main] o.s.b.a.c.OnClassCondition TRACE - Condition OnClassCondition on org.springframework.boot.autoconfigure.graphql.security.GraphQlWebMvcSecurityAutoConfiguration did not match due to @ConditionalOnClass did not find required class 'graphql.GraphQL'
17:17:01.127 [main] o.s.b.a.c.OnClassCondition TRACE - Condition OnClassCondition on org.springframework.boot.autoconfigure.graphql.servlet.GraphQlWebMvcAutoConfiguration did not match due to @ConditionalOnClass did not find required class 'graphql.GraphQL'
17:17:01.127 [main] o.s.b.a.c.OnClassCondition TRACE - Condition OnClassCondition on org.springframework.boot.autoconfigure.groovy.template.GroovyTemplateAutoConfiguration did not match due to @ConditionalOnClass did not find required class 'groovy.text.markup.MarkupTemplateEngine'
17:17:01.127 [main] o.s.b.a.c.OnClassCondition TRACE - Condition OnClassCondition on org.springframework.boot.autoconfigure.gson.GsonAutoConfiguration did not match due to @ConditionalOnClass did not find required class 'com.google.gson.Gson'
17:17:01.127 [main] o.s.b.a.c.OnClassCondition TRACE - Condition OnClassCondition on org.springframework.boot.autoconfigure.h2.H2ConsoleAutoConfiguration did not match due to @ConditionalOnClass did not find required class 'org.h2.server.web.JakartaWebServlet'
17:17:01.127 [main] o.s.b.a.c.OnClassCondition TRACE - Condition OnClassCondition on org.springframework.boot.autoconfigure.hateoas.HypermediaAutoConfiguration did not match due to @ConditionalOnClass did not find required class 'org.springframework.hateoas.EntityModel'
17:17:01.127 [main] o.s.b.a.c.OnClassCondition TRACE - Condition OnClassCondition on org.springframework.boot.autoconfigure.hazelcast.HazelcastAutoConfiguration did not match due to @ConditionalOnClass did not find required class 'com.hazelcast.core.HazelcastInstance'
17:17:01.127 [main] o.s.b.a.c.OnClassCondition TRACE - Condition OnClassCondition on org.springframework.boot.autoconfigure.hazelcast.HazelcastJpaDependencyAutoConfiguration did not match due to @ConditionalOnClass did not find required class 'com.hazelcast.core.HazelcastInstance'
17:17:01.127 [main] o.s.b.a.c.OnClassCondition TRACE - Condition OnClassCondition on org.springframework.boot.autoconfigure.http.codec.CodecsAutoConfiguration did not match due to @ConditionalOnClass did not find required class 'org.springframework.web.reactive.function.client.WebClient'
17:17:01.127 [main] o.s.b.a.c.OnClassCondition TRACE - Condition OnClassCondition on org.springframework.boot.autoconfigure.influx.InfluxDbAutoConfiguration did not match due to @ConditionalOnClass did not find required class 'org.influxdb.InfluxDB'
17:17:01.129 [main] o.s.b.a.c.OnClassCondition TRACE - Condition OnClassCondition on org.springframework.boot.autoconfigure.integration.IntegrationAutoConfiguration did not match due to @ConditionalOnClass did not find required class 'org.springframework.integration.config.EnableIntegration'
17:17:01.129 [main] o.s.b.a.c.OnClassCondition TRACE - Condition OnClassCondition on org.springframework.boot.autoconfigure.jdbc.XADataSourceAutoConfiguration did not match due to @ConditionalOnClass did not find required class 'jakarta.transaction.TransactionManager'
17:17:01.129 [main] o.s.b.a.c.OnClassCondition TRACE - Condition OnClassCondition on org.springframework.boot.autoconfigure.jersey.JerseyAutoConfiguration did not match due to @ConditionalOnClass did not find required class 'org.glassfish.jersey.server.spring.SpringComponentProvider'
17:17:01.129 [main] o.s.b.a.c.OnClassCondition TRACE - Condition OnClassCondition on org.springframework.boot.autoconfigure.jms.JmsAutoConfiguration did not match due to @ConditionalOnClass did not find required class 'jakarta.jms.Message'
17:17:01.129 [main] o.s.b.a.c.OnClassCondition TRACE - Condition OnClassCondition on org.springframework.boot.autoconfigure.jms.JndiConnectionFactoryAutoConfiguration did not match due to @ConditionalOnClass did not find required class 'org.springframework.jms.core.JmsTemplate'
17:17:01.129 [main] o.s.b.a.c.OnClassCondition TRACE - Condition OnClassCondition on org.springframework.boot.autoconfigure.jms.activemq.ActiveMQAutoConfiguration did not match due to @ConditionalOnClass did not find required class 'jakarta.jms.ConnectionFactory'
17:17:01.129 [main] o.s.b.a.c.OnClassCondition TRACE - Condition OnClassCondition on org.springframework.boot.autoconfigure.jms.artemis.ArtemisAutoConfiguration did not match due to @ConditionalOnClass did not find required class 'jakarta.jms.ConnectionFactory'
17:17:01.129 [main] o.s.b.a.c.OnClassCondition TRACE - Condition OnClassCondition on org.springframework.boot.autoconfigure.jooq.JooqAutoConfiguration did not match due to @ConditionalOnClass did not find required class 'org.jooq.DSLContext'
17:17:01.129 [main] o.s.b.a.c.OnClassCondition TRACE - Condition OnClassCondition on org.springframework.boot.autoconfigure.jsonb.JsonbAutoConfiguration did not match due to @ConditionalOnClass did not find required class 'jakarta.json.bind.Jsonb'
17:17:01.129 [main] o.s.b.a.c.OnClassCondition TRACE - Condition OnClassCondition on org.springframework.boot.autoconfigure.kafka.KafkaAutoConfiguration did not match due to @ConditionalOnClass did not find required class 'org.springframework.kafka.core.KafkaTemplate'
17:17:01.129 [main] o.s.b.a.c.OnClassCondition TRACE - Condition OnClassCondition on org.springframework.boot.autoconfigure.ldap.embedded.EmbeddedLdapAutoConfiguration did not match due to @ConditionalOnClass did not find required class 'com.unboundid.ldap.listener.InMemoryDirectoryServer'
17:17:01.129 [main] o.s.b.a.c.OnClassCondition TRACE - Condition OnClassCondition on org.springframework.boot.autoconfigure.ldap.LdapAutoConfiguration did not match due to @ConditionalOnClass did not find required class 'org.springframework.ldap.core.ContextSource'
17:17:01.129 [main] o.s.b.a.c.OnClassCondition TRACE - Condition OnClassCondition on org.springframework.boot.autoconfigure.liquibase.LiquibaseAutoConfiguration did not match due to @ConditionalOnClass did not find required class 'liquibase.change.DatabaseChange'
17:17:01.129 [main] o.s.b.a.c.OnClassCondition TRACE - Condition OnClassCondition on org.springframework.boot.autoconfigure.mail.MailSenderAutoConfiguration did not match due to @ConditionalOnClass did not find required class 'jakarta.mail.internet.MimeMessage'
17:17:01.129 [main] o.s.b.a.c.OnClassCondition TRACE - Condition OnClassCondition on org.springframework.boot.autoconfigure.mongo.MongoAutoConfiguration did not match due to @ConditionalOnClass did not find required class 'com.mongodb.client.MongoClient'
17:17:01.129 [main] o.s.b.a.c.OnClassCondition TRACE - Condition OnClassCondition on org.springframework.boot.autoconfigure.mongo.MongoReactiveAutoConfiguration did not match due to @ConditionalOnClass did not find required class 'com.mongodb.reactivestreams.client.MongoClient'
17:17:01.129 [main] o.s.b.a.c.OnClassCondition TRACE - Condition OnClassCondition on org.springframework.boot.autoconfigure.mustache.MustacheAutoConfiguration did not match due to @ConditionalOnClass did not find required class 'com.samskivert.mustache.Mustache'
17:17:01.129 [main] o.s.b.a.c.OnClassCondition TRACE - Condition OnClassCondition on org.springframework.boot.autoconfigure.neo4j.Neo4jAutoConfiguration did not match due to @ConditionalOnClass did not find required class 'org.neo4j.driver.Driver'
17:17:01.129 [main] o.s.b.a.c.OnClassCondition TRACE - Condition OnClassCondition on org.springframework.boot.autoconfigure.netty.NettyAutoConfiguration did not match due to @ConditionalOnClass did not find required class 'io.netty.util.NettyRuntime'
17:17:01.129 [main] o.s.b.a.c.OnClassCondition TRACE - Condition OnClassCondition on org.springframework.boot.autoconfigure.orm.jpa.HibernateJpaAutoConfiguration did not match due to @ConditionalOnClass did not find required class 'jakarta.persistence.EntityManager'
17:17:01.129 [main] o.s.b.a.c.OnClassCondition TRACE - Condition OnClassCondition on org.springframework.boot.autoconfigure.pulsar.PulsarAutoConfiguration did not match due to @ConditionalOnClass did not find required class 'org.apache.pulsar.client.api.PulsarClient'
17:17:01.129 [main] o.s.b.a.c.OnClassCondition TRACE - Condition OnClassCondition on org.springframework.boot.autoconfigure.pulsar.PulsarReactiveAutoConfiguration did not match due to @ConditionalOnClass did not find required class 'org.apache.pulsar.client.api.PulsarClient'
17:17:01.130 [main] o.s.b.a.c.OnClassCondition TRACE - Condition OnClassCondition on org.springframework.boot.autoconfigure.quartz.QuartzAutoConfiguration did not match due to @ConditionalOnClass did not find required class 'org.quartz.Scheduler'
17:17:01.130 [main] o.s.b.a.c.OnClassCondition TRACE - Condition OnClassCondition on org.springframework.boot.autoconfigure.r2dbc.R2dbcAutoConfiguration did not match due to @ConditionalOnClass did not find required class 'io.r2dbc.spi.ConnectionFactory'
17:17:01.130 [main] o.s.b.a.c.OnClassCondition TRACE - Condition OnClassCondition on org.springframework.boot.autoconfigure.r2dbc.R2dbcTransactionManagerAutoConfiguration did not match due to @ConditionalOnClass did not find required class 'org.springframework.r2dbc.connection.R2dbcTransactionManager'
17:17:01.130 [main] o.s.b.a.c.OnClassCondition TRACE - Condition OnClassCondition on org.springframework.boot.autoconfigure.reactor.ReactorAutoConfiguration did not match due to @ConditionalOnClass did not find required class 'reactor.core.publisher.Hooks'
17:17:01.130 [main] o.s.b.a.c.OnClassCondition TRACE - Condition OnClassCondition on org.springframework.boot.autoconfigure.rsocket.RSocketMessagingAutoConfiguration did not match due to @ConditionalOnClass did not find required class 'io.rsocket.RSocket'
17:17:01.130 [main] o.s.b.a.c.OnClassCondition TRACE - Condition OnClassCondition on org.springframework.boot.autoconfigure.rsocket.RSocketRequesterAutoConfiguration did not match due to @ConditionalOnClass did not find required class 'io.rsocket.RSocket'
17:17:01.130 [main] o.s.b.a.c.OnClassCondition TRACE - Condition OnClassCondition on org.springframework.boot.autoconfigure.rsocket.RSocketServerAutoConfiguration did not match due to @ConditionalOnClass did not find required class 'io.rsocket.core.RSocketServer'
17:17:01.130 [main] o.s.b.a.c.OnClassCondition TRACE - Condition OnClassCondition on org.springframework.boot.autoconfigure.rsocket.RSocketStrategiesAutoConfiguration did not match due to @ConditionalOnClass did not find required class 'io.netty.buffer.PooledByteBufAllocator'
17:17:01.130 [main] o.s.b.a.c.OnClassCondition TRACE - Condition OnClassCondition on org.springframework.boot.autoconfigure.security.reactive.ReactiveSecurityAutoConfiguration did not match due to @ConditionalOnClass did not find required class 'reactor.core.publisher.Flux'
17:17:01.130 [main] o.s.b.a.c.OnClassCondition TRACE - Condition OnClassCondition on org.springframework.boot.autoconfigure.security.rsocket.RSocketSecurityAutoConfiguration did not match due to @ConditionalOnClass did not find required class 'org.springframework.security.rsocket.core.SecuritySocketAcceptorInterceptor'
17:17:01.130 [main] o.s.b.a.c.OnClassCondition TRACE - Condition OnClassCondition on org.springframework.boot.autoconfigure.security.saml2.Saml2RelyingPartyAutoConfiguration did not match due to @ConditionalOnClass did not find required class 'org.springframework.security.saml2.provider.service.registration.RelyingPartyRegistrationRepository'
17:17:01.130 [main] o.s.b.a.c.OnClassCondition TRACE - Condition OnClassCondition on org.springframework.boot.autoconfigure.sendgrid.SendGridAutoConfiguration did not match due to @ConditionalOnClass did not find required class 'com.sendgrid.SendGrid'
17:17:01.130 [main] o.s.b.a.c.OnClassCondition TRACE - Condition OnClassCondition on org.springframework.boot.autoconfigure.session.SessionAutoConfiguration did not match due to @ConditionalOnClass did not find required class 'org.springframework.session.Session'
17:17:01.130 [main] o.s.b.a.c.OnClassCondition TRACE - Condition OnClassCondition on org.springframework.boot.autoconfigure.security.oauth2.client.servlet.OAuth2ClientAutoConfiguration did not match due to @ConditionalOnClass did not find required class 'org.springframework.security.oauth2.client.registration.ClientRegistration'
17:17:01.131 [main] o.s.b.a.c.OnClassCondition TRACE - Condition OnClassCondition on org.springframework.boot.autoconfigure.security.oauth2.client.reactive.ReactiveOAuth2ClientAutoConfiguration did not match due to @ConditionalOnClass did not find required class 'reactor.core.publisher.Flux'
17:17:01.131 [main] o.s.b.a.c.OnClassCondition TRACE - Condition OnClassCondition on org.springframework.boot.autoconfigure.security.oauth2.resource.servlet.OAuth2ResourceServerAutoConfiguration did not match due to @ConditionalOnClass did not find required class 'org.springframework.security.oauth2.server.resource.authentication.BearerTokenAuthenticationToken'
17:17:01.131 [main] o.s.b.a.c.OnClassCondition TRACE - Condition OnClassCondition on org.springframework.boot.autoconfigure.security.oauth2.server.servlet.OAuth2AuthorizationServerAutoConfiguration did not match due to @ConditionalOnClass did not find required class 'org.springframework.security.oauth2.server.authorization.OAuth2Authorization'
17:17:01.131 [main] o.s.b.a.c.OnClassCondition TRACE - Condition OnClassCondition on org.springframework.boot.autoconfigure.security.oauth2.server.servlet.OAuth2AuthorizationServerJwtAutoConfiguration did not match due to @ConditionalOnClass did not find required class 'org.springframework.security.oauth2.server.authorization.OAuth2Authorization'
17:17:01.131 [main] o.s.b.a.c.OnClassCondition TRACE - Condition OnClassCondition on org.springframework.boot.autoconfigure.thymeleaf.ThymeleafAutoConfiguration did not match due to @ConditionalOnClass did not find required class 'org.thymeleaf.spring6.SpringTemplateEngine'
17:17:01.131 [main] o.s.b.a.c.OnClassCondition TRACE - Condition OnClassCondition on org.springframework.boot.autoconfigure.transaction.jta.JtaAutoConfiguration did not match due to @ConditionalOnClass did not find required class 'jakarta.transaction.Transaction'
17:17:01.131 [main] o.s.b.a.c.OnClassCondition TRACE - Condition OnClassCondition on org.springframework.boot.autoconfigure.validation.ValidationAutoConfiguration did not match due to @ConditionalOnClass did not find required class 'jakarta.validation.executable.ExecutableValidator'
17:17:01.131 [main] o.s.b.a.c.OnClassCondition TRACE - Condition OnClassCondition on org.springframework.boot.autoconfigure.web.reactive.HttpHandlerAutoConfiguration did not match due to @ConditionalOnClass did not find required class 'org.springframework.web.reactive.DispatcherHandler'
17:17:01.131 [main] o.s.b.a.c.OnClassCondition TRACE - Condition OnClassCondition on org.springframework.boot.autoconfigure.web.reactive.ReactiveMultipartAutoConfiguration did not match due to @ConditionalOnClass did not find required class 'org.springframework.web.reactive.config.WebFluxConfigurer'
17:17:01.131 [main] o.s.b.a.c.OnClassCondition TRACE - Condition OnClassCondition on org.springframework.boot.autoconfigure.web.reactive.WebFluxAutoConfiguration did not match due to @ConditionalOnClass did not find required class 'org.springframework.web.reactive.config.WebFluxConfigurer'
17:17:01.131 [main] o.s.b.a.c.OnClassCondition TRACE - Condition OnClassCondition on org.springframework.boot.autoconfigure.web.reactive.WebSessionIdResolverAutoConfiguration did not match due to @ConditionalOnClass did not find required class 'reactor.core.publisher.Mono'
17:17:01.131 [main] o.s.b.a.c.OnClassCondition TRACE - Condition OnClassCondition on org.springframework.boot.autoconfigure.web.reactive.error.ErrorWebFluxAutoConfiguration did not match due to @ConditionalOnClass did not find required class 'org.springframework.web.reactive.config.WebFluxConfigurer'
17:17:01.131 [main] o.s.b.a.c.OnClassCondition TRACE - Condition OnClassCondition on org.springframework.boot.autoconfigure.web.reactive.function.client.ClientHttpConnectorAutoConfiguration did not match due to @ConditionalOnClass did not find required class 'org.springframework.web.reactive.function.client.WebClient'
17:17:01.131 [main] o.s.b.a.c.OnClassCondition TRACE - Condition OnClassCondition on org.springframework.boot.autoconfigure.web.reactive.function.client.WebClientAutoConfiguration did not match due to @ConditionalOnClass did not find required class 'org.springframework.web.reactive.function.client.WebClient'
17:17:01.131 [main] o.s.b.a.c.OnClassCondition TRACE - Condition OnClassCondition on org.springframework.boot.autoconfigure.websocket.servlet.WebSocketMessagingAutoConfiguration did not match due to @ConditionalOnClass did not find required class 'org.springframework.web.socket.config.annotation.WebSocketMessageBrokerConfigurer'
17:17:01.131 [main] o.s.b.a.c.OnClassCondition TRACE - Condition OnClassCondition on org.springframework.boot.autoconfigure.webservices.WebServicesAutoConfiguration did not match due to @ConditionalOnClass did not find required class 'org.springframework.ws.transport.http.MessageDispatcherServlet'
17:17:01.131 [main] o.s.b.a.c.OnClassCondition TRACE - Condition OnClassCondition on org.springframework.boot.autoconfigure.webservices.client.WebServiceTemplateAutoConfiguration did not match due to @ConditionalOnClass did not find required class 'org.springframework.oxm.Marshaller'
17:17:01.131 [main] o.s.b.f.s.DefaultListableBeanFactory TRACE - Returning cached instance of singleton bean 'autoConfigurationReport'
17:17:01.133 [main] o.s.b.a.c.OnWebApplicationCondition TRACE - Condition OnWebApplicationCondition on org.springframework.boot.autoconfigure.security.oauth2.resource.reactive.ReactiveOAuth2ResourceServerAutoConfiguration did not match due to @ConditionalOnWebApplication did not find reactive web application classes
17:17:01.134 [main] o.s.b.a.c.OnWebApplicationCondition TRACE - Condition OnWebApplicationCondition on org.springframework.boot.autoconfigure.web.reactive.ReactiveWebServerFactoryAutoConfiguration did not match due to @ConditionalOnWebApplication did not find reactive web application classes
17:17:01.134 [main] o.s.b.a.c.OnWebApplicationCondition TRACE - Condition OnWebApplicationCondition on org.springframework.boot.autoconfigure.websocket.reactive.WebSocketReactiveAutoConfiguration did not match due to @ConditionalOnWebApplication did not find reactive web application classes
17:17:01.134 [main] o.s.b.f.s.DefaultListableBeanFactory TRACE - Returning cached instance of singleton bean 'autoConfigurationReport'
17:17:01.140 [main] o.s.b.a.c.OnBeanCondition TRACE - Condition OnBeanCondition on org.springframework.boot.autoconfigure.mail.MailSenderValidatorAutoConfiguration did not match due to @ConditionalOnSingleCandidate did not find required type 'org.springframework.mail.javamail.JavaMailSenderImpl'
17:17:01.145 [main] o.s.b.a.AutoConfigurationImportSelector TRACE - Filtered 114 auto configuration class in 106 ms
17:17:01.146 [main] o.s.c.i.s.SpringFactoriesLoader TRACE - Loaded [org.springframework.boot.autoconfigure.AutoConfigurationImportListener] names: [org.springframework.boot.autoconfigure.condition.ConditionEvaluationReportAutoConfigurationImportListener]
17:17:01.147 [main] o.s.b.f.s.DefaultListableBeanFactory TRACE - Returning cached instance of singleton bean 'autoConfigurationReport'
17:17:01.158 [main] o.s.b.f.s.DefaultListableBeanFactory TRACE - Returning cached instance of singleton bean 'org.springframework.boot.autoconfigure.internalCachingMetadataReaderFactory'
17:17:01.170 [main] o.s.b.f.s.DefaultListableBeanFactory TRACE - Returning cached instance of singleton bean 'autoConfigurationReport'
17:17:01.170 [main] o.s.b.f.s.DefaultListableBeanFactory TRACE - Returning cached instance of singleton bean 'autoConfigurationReport'
17:17:01.170 [main] o.s.b.f.s.DefaultListableBeanFactory TRACE - Returning cached instance of singleton bean 'autoConfigurationReport'
17:17:01.170 [main] o.s.b.f.s.DefaultListableBeanFactory TRACE - Returning cached instance of singleton bean 'autoConfigurationReport'
17:17:01.170 [main] o.s.b.f.s.DefaultListableBeanFactory TRACE - Returning cached instance of singleton bean 'autoConfigurationReport'
17:17:01.170 [main] o.s.b.f.s.DefaultListableBeanFactory TRACE - Returning cached instance of singleton bean 'autoConfigurationReport'
17:17:01.191 [main] o.s.c.i.s.PathMatchingResourcePatternResolver TRACE - Resolved module-path location pattern [messages.properties] to resources []
17:17:01.192 [main] o.s.c.i.s.PathMatchingResourcePatternResolver TRACE - Resolved class path location [messages.properties] to resources []
17:17:01.192 [main] o.s.b.a.c.MessageSourceAutoConfiguration$ResourceBundleCondition TRACE - Condition MessageSourceAutoConfiguration.ResourceBundleCondition on org.springframework.boot.autoconfigure.context.MessageSourceAutoConfiguration did not match due to ResourceBundle did not find bundle with basename messages
17:17:01.192 [main] o.s.b.f.s.DefaultListableBeanFactory TRACE - Returning cached instance of singleton bean 'autoConfigurationReport'
17:17:01.192 [main] o.s.b.f.s.DefaultListableBeanFactory TRACE - Returning cached instance of singleton bean 'autoConfigurationReport'
17:17:01.192 [main] o.s.b.f.s.DefaultListableBeanFactory TRACE - Returning cached instance of singleton bean 'autoConfigurationReport'
17:17:01.192 [main] o.s.b.f.s.DefaultListableBeanFactory TRACE - Returning cached instance of singleton bean 'autoConfigurationReport'
17:17:01.192 [main] o.s.b.f.s.DefaultListableBeanFactory TRACE - Returning cached instance of singleton bean 'autoConfigurationReport'
17:17:01.192 [main] o.s.b.f.s.DefaultListableBeanFactory TRACE - Returning cached instance of singleton bean 'autoConfigurationReport'
17:17:01.192 [main] o.s.b.f.s.DefaultListableBeanFactory TRACE - Returning cached instance of singleton bean 'autoConfigurationReport'
17:17:01.193 [main] o.s.b.f.s.DefaultListableBeanFactory TRACE - Returning cached instance of singleton bean 'autoConfigurationReport'
17:17:01.194 [main] o.s.b.f.s.DefaultListableBeanFactory TRACE - Returning cached instance of singleton bean 'autoConfigurationReport'
17:17:01.194 [main] o.s.b.f.s.DefaultListableBeanFactory TRACE - Returning cached instance of singleton bean 'autoConfigurationReport'
17:17:01.197 [main] o.s.b.f.s.DefaultListableBeanFactory TRACE - Returning cached instance of singleton bean 'autoConfigurationReport'
17:17:01.197 [main] o.s.b.f.s.DefaultListableBeanFactory TRACE - Returning cached instance of singleton bean 'autoConfigurationReport'
17:17:01.197 [main] o.s.b.f.s.DefaultListableBeanFactory TRACE - Returning cached instance of singleton bean 'autoConfigurationReport'
17:17:01.197 [main] o.s.b.f.s.DefaultListableBeanFactory TRACE - Returning cached instance of singleton bean 'autoConfigurationReport'
17:17:01.197 [main] o.s.b.f.s.DefaultListableBeanFactory TRACE - Returning cached instance of singleton bean 'autoConfigurationReport'
17:17:01.197 [main] o.s.b.f.s.DefaultListableBeanFactory TRACE - Returning cached instance of singleton bean 'autoConfigurationReport'
17:17:01.199 [main] o.s.b.f.s.DefaultListableBeanFactory TRACE - Returning cached instance of singleton bean 'autoConfigurationReport'
17:17:01.199 [main] o.s.b.f.s.DefaultListableBeanFactory TRACE - Returning cached instance of singleton bean 'autoConfigurationReport'
17:17:01.199 [main] o.s.b.f.s.DefaultListableBeanFactory TRACE - Returning cached instance of singleton bean 'autoConfigurationReport'
17:17:01.204 [main] o.s.b.f.s.DefaultListableBeanFactory TRACE - Returning cached instance of singleton bean 'autoConfigurationReport'
17:17:01.204 [main] o.s.b.f.s.DefaultListableBeanFactory TRACE - Returning cached instance of singleton bean 'autoConfigurationReport'
17:17:01.204 [main] o.s.b.f.s.DefaultListableBeanFactory TRACE - Returning cached instance of singleton bean 'autoConfigurationReport'
17:17:01.204 [main] o.s.b.f.s.DefaultListableBeanFactory TRACE - Returning cached instance of singleton bean 'autoConfigurationReport'
17:17:01.204 [main] o.s.b.f.s.DefaultListableBeanFactory TRACE - Returning cached instance of singleton bean 'autoConfigurationReport'
17:17:01.204 [main] o.s.b.f.s.DefaultListableBeanFactory TRACE - Returning cached instance of singleton bean 'autoConfigurationReport'
17:17:01.208 [main] o.s.b.a.c.OnClassCondition TRACE - Condition OnClassCondition on org.springframework.boot.autoconfigure.websocket.servlet.WebSocketServletAutoConfiguration matched due to @ConditionalOnClass found required classes 'jakarta.servlet.Servlet', 'jakarta.websocket.server.ServerContainer'
17:17:01.208 [main] o.s.b.f.s.DefaultListableBeanFactory TRACE - Returning cached instance of singleton bean 'autoConfigurationReport'
17:17:01.209 [main] o.s.b.a.c.OnWebApplicationCondition TRACE - Condition OnWebApplicationCondition on org.springframework.boot.autoconfigure.websocket.servlet.WebSocketServletAutoConfiguration matched due to found 'session' scope
17:17:01.209 [main] o.s.b.f.s.DefaultListableBeanFactory TRACE - Returning cached instance of singleton bean 'autoConfigurationReport'
17:17:01.209 [main] o.s.b.f.s.DefaultListableBeanFactory TRACE - Returning cached instance of singleton bean 'autoConfigurationReport'
17:17:01.209 [main] o.s.b.f.s.DefaultListableBeanFactory TRACE - Returning cached instance of singleton bean 'autoConfigurationReport'
17:17:01.209 [main] o.s.b.f.s.DefaultListableBeanFactory TRACE - Returning cached instance of singleton bean 'autoConfigurationReport'
17:17:01.215 [main] o.s.b.a.c.OnClassCondition TRACE - Condition OnClassCondition on org.springframework.boot.autoconfigure.websocket.servlet.WebSocketServletAutoConfiguration$UndertowWebSocketConfiguration did not match due to @ConditionalOnClass did not find required class 'io.undertow.websockets.jsr.Bootstrap'
17:17:01.215 [main] o.s.b.f.s.DefaultListableBeanFactory TRACE - Returning cached instance of singleton bean 'autoConfigurationReport'
17:17:01.216 [main] o.s.b.a.c.OnClassCondition TRACE - Condition OnClassCondition on org.springframework.boot.autoconfigure.websocket.servlet.WebSocketServletAutoConfiguration$JettyWebSocketConfiguration did not match due to @ConditionalOnClass did not find required class 'org.eclipse.jetty.ee10.websocket.jakarta.server.config.JakartaWebSocketServletContainerInitializer'
17:17:01.216 [main] o.s.b.f.s.DefaultListableBeanFactory TRACE - Returning cached instance of singleton bean 'autoConfigurationReport'
17:17:01.221 [main] o.s.b.a.c.OnClassCondition TRACE - Condition OnClassCondition on org.springframework.boot.autoconfigure.websocket.servlet.WebSocketServletAutoConfiguration$TomcatWebSocketConfiguration matched due to @ConditionalOnClass found required classes 'org.apache.catalina.startup.Tomcat', 'org.apache.tomcat.websocket.server.WsSci'
17:17:01.221 [main] o.s.b.f.s.DefaultListableBeanFactory TRACE - Returning cached instance of singleton bean 'autoConfigurationReport'
17:17:01.221 [main] o.s.b.f.s.DefaultListableBeanFactory TRACE - Returning cached instance of singleton bean 'autoConfigurationReport'
17:17:01.221 [main] o.s.b.f.s.DefaultListableBeanFactory TRACE - Returning cached instance of singleton bean 'autoConfigurationReport'
17:17:01.221 [main] o.s.b.f.s.DefaultListableBeanFactory TRACE - Returning cached instance of singleton bean 'autoConfigurationReport'
[...]
17:17:05.416 [main] o.s.b.f.s.DefaultListableBeanFactory TRACE - Returning cached instance of singleton bean 'platformTransactionManagerCustomizers'
17:17:05.416 [main] o.s.b.f.s.DefaultListableBeanFactory TRACE - Returning cached instance of singleton bean 'transactionExecutionListeners'
17:17:05.416 [main] o.s.b.f.s.DefaultListableBeanFactory TRACE - Returning cached instance of singleton bean 'spring.transaction-org.springframework.boot.autoconfigure.transaction.TransactionProperties'
17:17:05.416 [main] o.s.b.f.s.DefaultListableBeanFactory TRACE - Returning cached instance of singleton bean 'org.springframework.boot.autoconfigure.context.ConfigurationPropertiesAutoConfiguration'
17:17:05.416 [main] o.s.b.f.s.DefaultListableBeanFactory TRACE - Returning cached instance of singleton bean 'org.springframework.boot.autoconfigure.context.LifecycleAutoConfiguration'
17:17:05.416 [main] o.s.b.f.s.DefaultListableBeanFactory TRACE - Returning cached instance of singleton bean 'lifecycleProcessor'
17:17:05.416 [main] o.s.b.f.s.DefaultListableBeanFactory TRACE - Returning cached instance of singleton bean 'spring.lifecycle-org.springframework.boot.autoconfigure.context.LifecycleProperties'
17:17:05.416 [main] o.s.b.f.s.DefaultListableBeanFactory TRACE - Returning cached instance of singleton bean 'org.springframework.boot.autoconfigure.dao.PersistenceExceptionTranslationAutoConfiguration'
17:17:05.416 [main] o.s.b.f.s.DefaultListableBeanFactory TRACE - Returning cached instance of singleton bean 'persistenceExceptionTranslationPostProcessor'
17:17:05.416 [main] o.s.b.f.s.DefaultListableBeanFactory TRACE - Returning cached instance of singleton bean 'org.springframework.boot.autoconfigure.http.HttpMessageConvertersAutoConfiguration$StringHttpMessageConverterConfiguration'
17:17:05.416 [main] o.s.b.f.s.DefaultListableBeanFactory TRACE - Returning cached instance of singleton bean 'stringHttpMessageConverter'
17:17:05.416 [main] o.s.b.f.s.DefaultListableBeanFactory TRACE - Returning cached instance of singleton bean 'org.springframework.boot.autoconfigure.http.JacksonHttpMessageConvertersConfiguration$MappingJackson2HttpMessageConverterConfiguration'
17:17:05.416 [main] o.s.b.f.s.DefaultListableBeanFactory TRACE - Returning cached instance of singleton bean 'mappingJackson2HttpMessageConverter'
17:17:05.416 [main] o.s.b.f.s.DefaultListableBeanFactory TRACE - Returning cached instance of singleton bean 'org.springframework.boot.autoconfigure.http.JacksonHttpMessageConvertersConfiguration'
17:17:05.416 [main] o.s.b.f.s.DefaultListableBeanFactory TRACE - Returning cached instance of singleton bean 'org.springframework.boot.autoconfigure.http.HttpMessageConvertersAutoConfiguration'
17:17:05.416 [main] o.s.b.f.s.DefaultListableBeanFactory TRACE - Returning cached instance of singleton bean 'messageConverters'
17:17:05.416 [main] o.s.b.f.s.DefaultListableBeanFactory TRACE - Returning cached instance of singleton bean 'org.springframework.boot.autoconfigure.info.ProjectInfoAutoConfiguration'
17:17:05.416 [main] o.s.b.f.s.DefaultListableBeanFactory TRACE - Returning cached instance of singleton bean 'spring.info-org.springframework.boot.autoconfigure.info.ProjectInfoProperties'
17:17:05.416 [main] o.s.b.f.s.DefaultListableBeanFactory TRACE - Returning cached instance of singleton bean 'org.springframework.boot.autoconfigure.jdbc.JdbcTemplateConfiguration'
17:17:05.416 [main] o.s.b.f.s.DefaultListableBeanFactory TRACE - Returning cached instance of singleton bean 'jdbcTemplate'
17:17:05.416 [main] o.s.b.f.s.DefaultListableBeanFactory TRACE - Returning cached instance of singleton bean 'org.springframework.boot.autoconfigure.jdbc.NamedParameterJdbcTemplateConfiguration'
17:17:05.416 [main] o.s.b.f.s.DefaultListableBeanFactory TRACE - Returning cached instance of singleton bean 'namedParameterJdbcTemplate'
17:17:05.416 [main] o.s.b.f.s.DefaultListableBeanFactory TRACE - Returning cached instance of singleton bean 'org.springframework.boot.autoconfigure.jdbc.JdbcTemplateAutoConfiguration'
17:17:05.416 [main] o.s.b.f.s.DefaultListableBeanFactory TRACE - Returning cached instance of singleton bean 'spring.jdbc-org.springframework.boot.autoconfigure.jdbc.JdbcProperties'
17:17:05.416 [main] o.s.b.f.s.DefaultListableBeanFactory TRACE - Returning cached instance of singleton bean 'org.springframework.boot.sql.init.dependency.DatabaseInitializationDependencyConfigurer$DependsOnDatabaseInitializationPostProcessor'
17:17:05.416 [main] o.s.b.f.s.DefaultListableBeanFactory TRACE - Returning cached instance of singleton bean 'org.springframework.boot.autoconfigure.jdbc.JdbcClientAutoConfiguration'
17:17:05.416 [main] o.s.b.f.s.DefaultListableBeanFactory TRACE - Returning cached instance of singleton bean 'jdbcClient'
17:17:05.416 [main] o.s.b.f.s.DefaultListableBeanFactory TRACE - Returning cached instance of singleton bean 'org.springframework.boot.autoconfigure.security.servlet.SecurityFilterAutoConfiguration'
17:17:05.416 [main] o.s.b.f.s.DefaultListableBeanFactory TRACE - Returning cached instance of singleton bean 'spring.security-org.springframework.boot.autoconfigure.security.SecurityProperties'
17:17:05.416 [main] o.s.b.f.s.DefaultListableBeanFactory TRACE - Returning cached instance of singleton bean 'org.springframework.boot.autoconfigure.sql.init.DataSourceInitializationConfiguration'
17:17:05.416 [main] o.s.b.f.s.DefaultListableBeanFactory TRACE - Returning cached instance of singleton bean 'dataSourceScriptDatabaseInitializer'
17:17:05.416 [main] o.s.b.f.s.DefaultListableBeanFactory TRACE - Returning cached instance of singleton bean 'org.springframework.boot.autoconfigure.sql.init.SqlInitializationAutoConfiguration'
17:17:05.416 [main] o.s.b.f.s.DefaultListableBeanFactory TRACE - Returning cached instance of singleton bean 'spring.sql.init-org.springframework.boot.autoconfigure.sql.init.SqlInitializationProperties'
17:17:05.416 [main] o.s.b.f.s.DefaultListableBeanFactory TRACE - Returning cached instance of singleton bean 'org.springframework.boot.autoconfigure.task.TaskSchedulingConfigurations$ThreadPoolTaskSchedulerBuilderConfiguration'
17:17:05.416 [main] o.s.b.f.s.DefaultListableBeanFactory TRACE - Returning cached instance of singleton bean 'threadPoolTaskSchedulerBuilder'
17:17:05.416 [main] o.s.b.f.s.DefaultListableBeanFactory TRACE - Returning cached instance of singleton bean 'org.springframework.boot.autoconfigure.task.TaskSchedulingConfigurations$TaskSchedulerBuilderConfiguration'
17:17:05.416 [main] o.s.b.f.s.DefaultListableBeanFactory TRACE - Returning cached instance of singleton bean 'taskSchedulerBuilder'
17:17:05.416 [main] o.s.b.f.s.DefaultListableBeanFactory TRACE - Returning cached instance of singleton bean 'org.springframework.boot.autoconfigure.task.TaskSchedulingConfigurations$SimpleAsyncTaskSchedulerBuilderConfiguration'
17:17:05.416 [main] o.s.b.f.s.DefaultListableBeanFactory TRACE - Returning cached instance of singleton bean 'simpleAsyncTaskSchedulerBuilder'
17:17:05.416 [main] o.s.b.f.s.DefaultListableBeanFactory TRACE - Returning cached instance of singleton bean 'org.springframework.boot.autoconfigure.task.TaskSchedulingAutoConfiguration'
17:17:05.416 [main] o.s.b.f.s.DefaultListableBeanFactory TRACE - Returning cached instance of singleton bean 'spring.task.scheduling-org.springframework.boot.autoconfigure.task.TaskSchedulingProperties'
17:17:05.416 [main] o.s.b.f.s.DefaultListableBeanFactory TRACE - Returning cached instance of singleton bean 'org.springframework.boot.autoconfigure.jdbc.DataSourceTransactionManagerAutoConfiguration$JdbcTransactionManagerConfiguration'
17:17:05.416 [main] o.s.b.f.s.DefaultListableBeanFactory TRACE - Returning cached instance of singleton bean 'transactionManager'
17:17:05.416 [main] o.s.b.f.s.DefaultListableBeanFactory TRACE - Returning cached instance of singleton bean 'org.springframework.boot.autoconfigure.jdbc.DataSourceTransactionManagerAutoConfiguration'
17:17:05.416 [main] o.s.b.f.s.DefaultListableBeanFactory TRACE - Returning cached instance of singleton bean 'org.springframework.transaction.annotation.ProxyTransactionManagementConfiguration'
17:17:05.416 [main] o.s.b.f.s.DefaultListableBeanFactory TRACE - Returning cached instance of singleton bean 'org.springframework.transaction.config.internalTransactionAdvisor'
17:17:05.416 [main] o.s.b.f.s.DefaultListableBeanFactory TRACE - Returning cached instance of singleton bean 'transactionAttributeSource'
17:17:05.416 [main] o.s.b.f.s.DefaultListableBeanFactory TRACE - Returning cached instance of singleton bean 'transactionInterceptor'
17:17:05.416 [main] o.s.b.f.s.DefaultListableBeanFactory TRACE - Returning cached instance of singleton bean 'org.springframework.transaction.config.internalTransactionalEventListenerFactory'
17:17:05.416 [main] o.s.b.f.s.DefaultListableBeanFactory TRACE - Returning cached instance of singleton bean 'org.springframework.boot.autoconfigure.transaction.TransactionAutoConfiguration$EnableTransactionManagementConfiguration$CglibAutoProxyConfiguration'
17:17:05.416 [main] o.s.b.f.s.DefaultListableBeanFactory TRACE - Returning cached instance of singleton bean 'org.springframework.aop.config.internalAutoProxyCreator'
17:17:05.416 [main] o.s.b.f.s.DefaultListableBeanFactory TRACE - Returning cached instance of singleton bean 'org.springframework.boot.autoconfigure.transaction.TransactionAutoConfiguration$EnableTransactionManagementConfiguration'
17:17:05.416 [main] o.s.b.f.s.DefaultListableBeanFactory TRACE - Returning cached instance of singleton bean 'org.springframework.boot.autoconfigure.transaction.TransactionAutoConfiguration$TransactionTemplateConfiguration'
17:17:05.417 [main] o.s.b.f.s.DefaultListableBeanFactory TRACE - Returning cached instance of singleton bean 'transactionTemplate'
17:17:05.417 [main] o.s.b.f.s.DefaultListableBeanFactory TRACE - Returning cached instance of singleton bean 'org.springframework.boot.autoconfigure.transaction.TransactionAutoConfiguration'
17:17:05.417 [main] o.s.b.f.s.DefaultListableBeanFactory TRACE - Returning cached instance of singleton bean 'org.springframework.boot.autoconfigure.web.client.RestClientAutoConfiguration'
17:17:05.417 [main] o.s.b.f.s.DefaultListableBeanFactory TRACE - Returning cached instance of singleton bean 'httpMessageConvertersRestClientCustomizer'
17:17:05.417 [main] o.s.b.f.s.DefaultListableBeanFactory TRACE - Returning cached instance of singleton bean 'restClientSsl'
17:17:05.417 [main] o.s.b.f.s.DefaultListableBeanFactory TRACE - Returning cached instance of singleton bean 'restClientBuilderConfigurer'
17:17:05.417 [main] o.s.b.f.s.DefaultListableBeanFactory TRACE - Returning cached instance of singleton bean 'org.springframework.boot.autoconfigure.web.client.RestTemplateAutoConfiguration'
17:17:05.417 [main] o.s.b.f.s.DefaultListableBeanFactory TRACE - Returning cached instance of singleton bean 'org.springframework.boot.autoconfigure.web.servlet.HttpEncodingAutoConfiguration'
17:17:05.417 [main] o.s.b.f.s.DefaultListableBeanFactory TRACE - Returning cached instance of singleton bean 'characterEncodingFilter'
17:17:05.417 [main] o.s.b.f.s.DefaultListableBeanFactory TRACE - Returning cached instance of singleton bean 'localeCharsetMappingsCustomizer'
17:17:05.417 [main] o.s.b.f.s.DefaultListableBeanFactory TRACE - Returning cached instance of singleton bean 'org.springframework.boot.autoconfigure.web.servlet.MultipartAutoConfiguration'
17:17:05.417 [main] o.s.b.f.s.DefaultListableBeanFactory TRACE - Returning cached instance of singleton bean 'multipartConfigElement'
17:17:05.417 [main] o.s.b.f.s.DefaultListableBeanFactory TRACE - Returning cached instance of singleton bean 'multipartResolver'
17:17:05.417 [main] o.s.b.f.s.DefaultListableBeanFactory TRACE - Returning cached instance of singleton bean 'spring.servlet.multipart-org.springframework.boot.autoconfigure.web.servlet.MultipartProperties'
17:17:05.417 [main] o.s.b.f.s.DefaultListableBeanFactory TRACE - Returning cached instance of singleton bean 'org.springframework.boot.test.mock.mockito.MockitoBeans'
17:17:05.417 [main] o.s.t.c.c.DefaultCacheAwareContextLoaderDelegate TRACE - Retrieved ApplicationContext [1620112330] from cache with key [WebMergedContextConfiguration@74960e9d testClass = com.assignment.InternshipProject.InternshipProjectApplicationTests, locations = [], classes = [com.assignment.InternshipProject.InternshipProjectApplication], contextInitializerClasses = [], activeProfiles = [], propertySourceDescriptors = [], propertySourceProperties = ["org.springframework.boot.test.context.SpringBootTestContextBootstrapper=true"], contextCustomizers = [org.springframework.boot.test.context.filter.ExcludeFilterContextCustomizer@3feb2dda, org.springframework.boot.test.json.DuplicateJsonObjectContextCustomizerFactory$DuplicateJsonObjectContextCustomizer@dc7df28, org.springframework.boot.test.mock.mockito.MockitoContextCustomizer@0, org.springframework.boot.test.web.client.TestRestTemplateContextCustomizer@6f43c82, org.springframework.boot.test.autoconfigure.actuate.observability.ObservabilityContextCustomizerFactory$DisableObservabilityContextCustomizer@1f, org.springframework.boot.test.autoconfigure.properties.PropertyMappingContextCustomizer@0, org.springframework.boot.test.autoconfigure.web.servlet.WebDriverContextCustomizer@f68f0dc, org.springframework.boot.test.context.SpringBootTestAnnotation@9ec9eb65], resourceBasePath = "src/main/webapp", contextLoader = org.springframework.boot.test.context.SpringBootContextLoader, parent = null]
17:17:05.417 [main] o.s.t.c.cache DEBUG - Spring test ApplicationContext cache statistics: [DefaultContextCache@4001d8c1 size = 1, maxSize = 32, parentContextCount = 0, hitCount = 11, missCount = 1, failureCount = 0]
17:17:05.422 [main] o.s.t.c.c.DefaultCacheAwareContextLoaderDelegate TRACE - Retrieved ApplicationContext [1620112330] from cache with key [WebMergedContextConfiguration@74960e9d testClass = com.assignment.InternshipProject.InternshipProjectApplicationTests, locations = [], classes = [com.assignment.InternshipProject.InternshipProjectApplication], contextInitializerClasses = [], activeProfiles = [], propertySourceDescriptors = [], propertySourceProperties = ["org.springframework.boot.test.context.SpringBootTestContextBootstrapper=true"], contextCustomizers = [org.springframework.boot.test.context.filter.ExcludeFilterContextCustomizer@3feb2dda, org.springframework.boot.test.json.DuplicateJsonObjectContextCustomizerFactory$DuplicateJsonObjectContextCustomizer@dc7df28, org.springframework.boot.test.mock.mockito.MockitoContextCustomizer@0, org.springframework.boot.test.web.client.TestRestTemplateContextCustomizer@6f43c82, org.springframework.boot.test.autoconfigure.actuate.observability.ObservabilityContextCustomizerFactory$DisableObservabilityContextCustomizer@1f, org.springframework.boot.test.autoconfigure.properties.PropertyMappingContextCustomizer@0, org.springframework.boot.test.autoconfigure.web.servlet.WebDriverContextCustomizer@f68f0dc, org.springframework.boot.test.context.SpringBootTestAnnotation@9ec9eb65], resourceBasePath = "src/main/webapp", contextLoader = org.springframework.boot.test.context.SpringBootContextLoader, parent = null]
17:17:05.422 [main] o.s.t.c.cache DEBUG - Spring test ApplicationContext cache statistics: [DefaultContextCache@4001d8c1 size = 1, maxSize = 32, parentContextCount = 0, hitCount = 12, missCount = 1, failureCount = 0]
17:17:05.423 [main] o.s.t.c.s.DirtiesContextTestExecutionListener TRACE - After test method: context [DefaultTestContext@73893ec1 testClass = com.assignment.InternshipProject.InternshipProjectApplicationTests, testInstance = com.assignment.InternshipProject.InternshipProjectApplicationTests@37af24cb, testMethod = contextLoads(), testException = null, mergedContextConfiguration = [WebMergedContextConfiguration@74960e9d testClass = com.assignment.InternshipProject.InternshipProjectApplicationTests, locations = [], classes = [com.assignment.InternshipProject.InternshipProjectApplication], contextInitializerClasses = [], activeProfiles = [], propertySourceDescriptors = [], propertySourceProperties = ["org.springframework.boot.test.context.SpringBootTestContextBootstrapper=true"], contextCustomizers = [org.springframework.boot.test.context.filter.ExcludeFilterContextCustomizer@3feb2dda, org.springframework.boot.test.json.DuplicateJsonObjectContextCustomizerFactory$DuplicateJsonObjectContextCustomizer@dc7df28, org.springframework.boot.test.mock.mockito.MockitoContextCustomizer@0, org.springframework.boot.test.web.client.TestRestTemplateContextCustomizer@6f43c82, org.springframework.boot.test.autoconfigure.actuate.observability.ObservabilityContextCustomizerFactory$DisableObservabilityContextCustomizer@1f, org.springframework.boot.test.autoconfigure.properties.PropertyMappingContextCustomizer@0, org.springframework.boot.test.autoconfigure.web.servlet.WebDriverContextCustomizer@f68f0dc, org.springframework.boot.test.context.SpringBootTestAnnotation@9ec9eb65], resourceBasePath = "src/main/webapp", contextLoader = org.springframework.boot.test.context.SpringBootContextLoader, parent = null], attributes = {"org.springframework.test.context.web.ServletTestExecutionListener.activateListener" -> true, "org.springframework.test.context.web.ServletTestExecutionListener.populatedRequestContextHolder" -> true, "org.springframework.test.context.web.ServletTestExecutionListener.resetRequestContextHolder" -> true, "org.springframework.test.context.event.ApplicationEventsTestExecutionListener.recordApplicationEvents" -> false}], class annotated with @DirtiesContext [false] with mode [null], method annotated with @DirtiesContext [false] with mode [null]
17:17:05.423 [main] o.s.t.c.w.ServletTestExecutionListener TRACE - Resetting RequestContextHolder for test context [DefaultTestContext@73893ec1 testClass = com.assignment.InternshipProject.InternshipProjectApplicationTests, testInstance = com.assignment.InternshipProject.InternshipProjectApplicationTests@37af24cb, testMethod = contextLoads(), testException = null, mergedContextConfiguration = [WebMergedContextConfiguration@74960e9d testClass = com.assignment.InternshipProject.InternshipProjectApplicationTests, locations = [], classes = [com.assignment.InternshipProject.InternshipProjectApplication], contextInitializerClasses = [], activeProfiles = [], propertySourceDescriptors = [], propertySourceProperties = ["org.springframework.boot.test.context.SpringBootTestContextBootstrapper=true"], contextCustomizers = [org.springframework.boot.test.context.filter.ExcludeFilterContextCustomizer@3feb2dda, org.springframework.boot.test.json.DuplicateJsonObjectContextCustomizerFactory$DuplicateJsonObjectContextCustomizer@dc7df28, org.springframework.boot.test.mock.mockito.MockitoContextCustomizer@0, org.springframework.boot.test.web.client.TestRestTemplateContextCustomizer@6f43c82, org.springframework.boot.test.autoconfigure.actuate.observability.ObservabilityContextCustomizerFactory$DisableObservabilityContextCustomizer@1f, org.springframework.boot.test.autoconfigure.properties.PropertyMappingContextCustomizer@0, org.springframework.boot.test.autoconfigure.web.servlet.WebDriverContextCustomizer@f68f0dc, org.springframework.boot.test.context.SpringBootTestAnnotation@9ec9eb65], resourceBasePath = "src/main/webapp", contextLoader = org.springframework.boot.test.context.SpringBootContextLoader, parent = null], attributes = {"org.springframework.test.context.web.ServletTestExecutionListener.activateListener" -> true, "org.springframework.test.context.web.ServletTestExecutionListener.populatedRequestContextHolder" -> true, "org.springframework.test.context.web.ServletTestExecutionListener.resetRequestContextHolder" -> true, "org.springframework.test.context.event.ApplicationEventsTestExecutionListener.recordApplicationEvents" -> false}]
]]></system-out>
  </testcase>
</testsuite>